2019-05-17 11:37:11.699 - INFO 1724 [           main] com.book.web.SecretWebApplication        : Starting SecretWebApplication on DESKTOP-OBGM3RI with PID 1724 (D:\workspace\book-pro-java\book-web\target\classes started by Thinkpad in D:\workspace\book-pro-java)
2019-05-17 11:37:11.713 - INFO 1724 [           main] com.book.web.SecretWebApplication        : The following profiles are active: dev
2019-05-17 11:37:11.912 - INFO 1724 [           main] ationConfigEmbeddedWebApplicationContext : Refreshing org.springframework.boot.context.embedded.AnnotationConfigEmbeddedWebApplicationContext@2250b9f2: startup date [Fri May 17 11:37:11 CST 2019]; root of context hierarchy
2019-05-17 11:37:12.135 - INFO 1724 [kground-preinit] o.h.validator.internal.util.Version      : HV000001: Hibernate Validator 5.3.5.Final
2019-05-17 11:37:13.778 - INFO 1724 [           main] o.s.b.f.xml.XmlBeanDefinitionReader      : Loading XML bean definitions from class path resource [applicationContext.xml]
2019-05-17 11:37:14.052 - INFO 1724 [           main] o.s.b.f.xml.XmlBeanDefinitionReader      : Loading XML bean definitions from class path resource [dubbo-consumer.xml]
2019-05-17 11:37:14.514 - INFO 1724 [           main] c.a.dubbo.common.logger.LoggerFactory    : using logger: com.alibaba.dubbo.common.logger.log4j2.Log4j2LoggerAdapter
2019-05-17 11:37:14.743 - INFO 1724 [           main] .s.d.r.c.RepositoryConfigurationDelegate : Multiple Spring Data modules found, entering strict repository configuration mode!
2019-05-17 11:37:15.219 - WARN 1724 [           main] figurationPropertiesBindingPostProcessor : Multiple PropertySourcesPlaceholderConfigurer beans registered [org.springframework.context.support.PropertySourcesPlaceholderConfigurer#0, swaggerProperties], falling back to Environment
2019-05-17 11:37:16.115 - INFO 1724 [           main] s.b.c.e.t.TomcatEmbeddedServletContainer : Tomcat initialized with port(s): 18080 (http)
2019-05-17 11:37:16.129 - INFO 1724 [           main] o.apache.catalina.core.StandardService   : Starting service [Tomcat]
2019-05-17 11:37:16.131 - INFO 1724 [           main] org.apache.catalina.core.StandardEngine  : Starting Servlet Engine: Apache Tomcat/8.5.23
2019-05-17 11:37:16.356 - INFO 1724 [ost-startStop-1] o.a.c.c.C.[Tomcat].[localhost].[/]       : Initializing Spring embedded WebApplicationContext
2019-05-17 11:37:16.357 - INFO 1724 [ost-startStop-1] o.s.web.context.ContextLoader            : Root WebApplicationContext: initialization completed in 4445 ms
2019-05-17 11:37:16.707 - INFO 1724 [ost-startStop-1] o.s.b.w.servlet.ServletRegistrationBean  : Mapping servlet: 'dispatcherServlet' to [/]
2019-05-17 11:37:16.716 - INFO 1724 [ost-startStop-1] o.s.b.w.servlet.FilterRegistrationBean   : Mapping filter: 'characterEncodingFilter' to: [/*]
2019-05-17 11:37:16.716 - INFO 1724 [ost-startStop-1] o.s.b.w.servlet.FilterRegistrationBean   : Mapping filter: 'hiddenHttpMethodFilter' to: [/*]
2019-05-17 11:37:16.716 - INFO 1724 [ost-startStop-1] o.s.b.w.servlet.FilterRegistrationBean   : Mapping filter: 'httpPutFormContentFilter' to: [/*]
2019-05-17 11:37:16.716 - INFO 1724 [ost-startStop-1] o.s.b.w.servlet.FilterRegistrationBean   : Mapping filter: 'requestContextFilter' to: [/*]
2019-05-17 11:37:17.670 - INFO 1724 [           main] s.w.s.m.m.a.RequestMappingHandlerMapping : Mapped "{[/v2/api-docs],methods=[GET]}" onto public org.springframework.http.ResponseEntity<springfox.documentation.spring.web.json.Json> springfox.documentation.swagger2.web.Swagger2Controller.getDocumentation(java.lang.String)
2019-05-17 11:37:17.673 - INFO 1724 [           main] s.w.s.m.m.a.RequestMappingHandlerMapping : Mapped "{[/swagger-resources]}" onto org.springframework.http.ResponseEntity<java.util.List<springfox.documentation.swagger.web.SwaggerResource>> springfox.documentation.swagger.web.ApiResourceController.swaggerResources()
2019-05-17 11:37:17.674 - INFO 1724 [           main] s.w.s.m.m.a.RequestMappingHandlerMapping : Mapped "{[/configuration/ui]}" onto org.springframework.http.ResponseEntity<springfox.documentation.swagger.web.UiConfiguration> springfox.documentation.swagger.web.ApiResourceController.uiConfiguration()
2019-05-17 11:37:17.675 - INFO 1724 [           main] s.w.s.m.m.a.RequestMappingHandlerMapping : Mapped "{[/configuration/security]}" onto org.springframework.http.ResponseEntity<springfox.documentation.swagger.web.SecurityConfiguration> springfox.documentation.swagger.web.ApiResourceController.securityConfiguration()
2019-05-17 11:37:17.679 - INFO 1724 [           main] s.w.s.m.m.a.RequestMappingHandlerMapping : Mapped "{[/error]}" onto public org.springframework.http.ResponseEntity<java.util.Map<java.lang.String, java.lang.Object>> org.springframework.boot.autoconfigure.web.BasicErrorController.error(javax.servlet.http.HttpServletRequest)
2019-05-17 11:37:17.680 - INFO 1724 [           main] s.w.s.m.m.a.RequestMappingHandlerMapping : Mapped "{[/error],produces=[text/html]}" onto public org.springframework.web.servlet.ModelAndView org.springframework.boot.autoconfigure.web.BasicErrorController.errorHtml(javax.servlet.http.HttpServletRequest,javax.servlet.http.HttpServletResponse)
2019-05-17 11:37:18.402 - INFO 1724 [           main] s.w.s.m.m.a.RequestMappingHandlerAdapter : Looking for @ControllerAdvice: org.springframework.boot.context.embedded.AnnotationConfigEmbeddedWebApplicationContext@2250b9f2: startup date [Fri May 17 11:37:11 CST 2019]; root of context hierarchy
2019-05-17 11:37:18.489 - INFO 1724 [           main] o.s.w.s.handler.SimpleUrlHandlerMapping  : Mapped URL path [/webjars/**] onto handler of type [class org.springframework.web.servlet.resource.ResourceHttpRequestHandler]
2019-05-17 11:37:18.489 - INFO 1724 [           main] o.s.w.s.handler.SimpleUrlHandlerMapping  : Mapped URL path [/**] onto handler of type [class org.springframework.web.servlet.resource.ResourceHttpRequestHandler]
2019-05-17 11:37:18.519 - INFO 1724 [           main] .m.m.a.ExceptionHandlerExceptionResolver : Detected @ExceptionHandler methods in globalExceptionHandler
2019-05-17 11:37:18.558 - INFO 1724 [           main] o.s.w.s.handler.SimpleUrlHandlerMapping  : Mapped URL path [/**/favicon.ico] onto handler of type [class org.springframework.web.servlet.resource.ResourceHttpRequestHandler]
2019-05-17 11:37:19.524 - INFO 1724 [           main] o.s.j.e.a.AnnotationMBeanExporter        : Registering beans for JMX exposure on startup
2019-05-17 11:37:19.551 - INFO 1724 [           main] d.s.w.p.DocumentationPluginsBootstrapper : Context refreshed
2019-05-17 11:37:19.574 - INFO 1724 [           main] d.s.w.p.DocumentationPluginsBootstrapper : Found {0} custom documentation plugin(s)
2019-05-17 11:37:19.585 - INFO 1724 [           main] s.d.s.w.s.ApiListingReferenceScanner     : Scanning for api listing references
2019-05-17 11:37:19.613 - INFO 1724 [           main] o.a.coyote.http11.Http11NioProtocol      : Initializing ProtocolHandler ["http-nio-18080"]
2019-05-17 11:37:19.628 - INFO 1724 [           main] o.a.coyote.http11.Http11NioProtocol      : Starting ProtocolHandler ["http-nio-18080"]
2019-05-17 11:37:19.648 - INFO 1724 [           main] o.a.tomcat.util.net.NioSelectorPool      : Using a shared selector for servlet write/read
2019-05-17 11:37:19.677 - INFO 1724 [           main] s.b.c.e.t.TomcatEmbeddedServletContainer : Tomcat started on port(s): 18080 (http)
2019-05-17 11:37:19.684 - INFO 1724 [           main] com.book.web.SecretWebApplication        : Started SecretWebApplication in 9.651 seconds (JVM running for 12.276)
