2019-05-15 16:05:58.607 - INFO 50936 [           main] com.book.manager.SecretWebApplication    : Starting SecretWebApplication on DESKTOP-OBGM3RI with PID 50936 (D:\workspace\book-pro-java\book-manager\target\classes started by Thinkpad in D:\workspace\book-pro-java)
2019-05-15 16:05:58.613 - INFO 50936 [           main] com.book.manager.SecretWebApplication    : The following profiles are active: dev
2019-05-15 16:05:58.726 - INFO 50936 [           main] ationConfigEmbeddedWebApplicationContext : Refreshing org.springframework.boot.context.embedded.AnnotationConfigEmbeddedWebApplicationContext@59b38691: startup date [Wed May 15 16:05:58 CST 2019]; root of context hierarchy
2019-05-15 16:05:59.164 - INFO 50936 [kground-preinit] o.h.validator.internal.util.Version      : HV000001: Hibernate Validator 5.3.4.Final
2019-05-15 16:05:59.760 - WARN 50936 [           main] ationConfigEmbeddedWebApplicationContext : Exception encountered during context initialization - cancelling refresh attempt: org.springframework.beans.factory.BeanDefinitionStoreException: Failed to process import candidates for configuration class [com.book.manager.SecretWebApplication]; nested exception is java.lang.IllegalArgumentException: Cannot instantiate factory class: org.springframework.boot.autoconfigure.AutoConfigurationImportFilter
2019-05-15 16:05:59.779 -ERROR 50936 [           main] o.s.boot.SpringApplication               : Application startup failed
org.springframework.beans.factory.BeanDefinitionStoreException: Failed to process import candidates for configuration class [com.book.manager.SecretWebApplication]; nested exception is java.lang.IllegalArgumentException: Cannot instantiate factory class: org.springframework.boot.autoconfigure.AutoConfigurationImportFilter
	at org.springframework.context.annotation.ConfigurationClassParser.processDeferredImportSelectors(ConfigurationClassParser.java:461)
	at org.springframework.context.annotation.ConfigurationClassParser.parse(ConfigurationClassParser.java:185)
	at org.springframework.context.annotation.ConfigurationClassPostProcessor.processConfigBeanDefinitions(ConfigurationClassPostProcessor.java:321)
	at org.springframework.context.annotation.ConfigurationClassPostProcessor.postProcessBeanDefinitionRegistry(ConfigurationClassPostProcessor.java:243)
	at org.springframework.context.support.PostProcessorRegistrationDelegate.invokeBeanDefinitionRegistryPostProcessors(PostProcessorRegistrationDelegate.java:273)
	at org.springframework.context.support.PostProcessorRegistrationDelegate.invokeBeanFactoryPostProcessors(PostProcessorRegistrationDelegate.java:98)
	at org.springframework.context.support.AbstractApplicationContext.invokeBeanFactoryPostProcessors(AbstractApplicationContext.java:678)
	at org.springframework.context.support.AbstractApplicationContext.refresh(AbstractApplicationContext.java:520)
	at org.springframework.boot.context.embedded.EmbeddedWebApplicationContext.refresh(EmbeddedWebApplicationContext.java:122)
	at org.springframework.boot.SpringApplication.refresh(SpringApplication.java:737)
	at org.springframework.boot.SpringApplication.refreshContext(SpringApplication.java:370)
	at org.springframework.boot.SpringApplication.run(SpringApplication.java:314)
	at org.springframework.boot.SpringApplication.run(SpringApplication.java:1162)
	at org.springframework.boot.SpringApplication.run(SpringApplication.java:1151)
	at com.book.manager.SecretWebApplication.main(SecretWebApplication.java:17)
Caused by: java.lang.IllegalArgumentException: Cannot instantiate factory class: org.springframework.boot.autoconfigure.AutoConfigurationImportFilter
	at org.springframework.core.io.support.SpringFactoriesLoader.instantiateFactory(SpringFactoriesLoader.java:138)
	at org.springframework.core.io.support.SpringFactoriesLoader.loadFactories(SpringFactoriesLoader.java:91)
	at org.springframework.boot.autoconfigure.AutoConfigurationImportSelector.getAutoConfigurationImportFilters(AutoConfigurationImportSelector.java:280)
	at org.springframework.boot.autoconfigure.AutoConfigurationImportSelector.filter(AutoConfigurationImportSelector.java:251)
	at org.springframework.boot.autoconfigure.AutoConfigurationImportSelector.selectImports(AutoConfigurationImportSelector.java:102)
	at org.springframework.context.annotation.ConfigurationClassParser.processDeferredImportSelectors(ConfigurationClassParser.java:453)
	... 14 common frames omitted
Caused by: java.lang.IllegalAccessException: Class org.springframework.core.io.support.SpringFactoriesLoader can not access a member of class org.springframework.boot.autoconfigure.condition.OnClassCondition with modifiers ""
	at sun.reflect.Reflection.ensureMemberAccess(Reflection.java:102)
	at java.lang.Class.newInstance(Class.java:436)
	at org.springframework.core.io.support.SpringFactoriesLoader.instantiateFactory(SpringFactoriesLoader.java:135)
	... 19 common frames omitted
2019-05-15 16:10:36.715 - INFO 31472 [           main] com.book.manager.SecretWebApplication    : Starting SecretWebApplication on DESKTOP-OBGM3RI with PID 31472 (D:\workspace\book-pro-java\book-manager\target\classes started by Thinkpad in D:\workspace\book-pro-java)
2019-05-15 16:10:36.719 - INFO 31472 [           main] com.book.manager.SecretWebApplication    : The following profiles are active: dev
2019-05-15 16:10:36.829 - INFO 31472 [           main] ationConfigEmbeddedWebApplicationContext : Refreshing org.springframework.boot.context.embedded.AnnotationConfigEmbeddedWebApplicationContext@59b38691: startup date [Wed May 15 16:10:36 CST 2019]; root of context hierarchy
2019-05-15 16:10:37.131 - INFO 31472 [kground-preinit] o.h.validator.internal.util.Version      : HV000001: Hibernate Validator 5.3.4.Final
2019-05-15 16:10:37.718 - WARN 31472 [           main] ationConfigEmbeddedWebApplicationContext : Exception encountered during context initialization - cancelling refresh attempt: org.springframework.beans.factory.BeanDefinitionStoreException: Failed to process import candidates for configuration class [com.book.manager.SecretWebApplication]; nested exception is java.lang.IllegalArgumentException: Cannot instantiate factory class: org.springframework.boot.autoconfigure.AutoConfigurationImportFilter
2019-05-15 16:10:37.751 -ERROR 31472 [           main] o.s.boot.SpringApplication               : Application startup failed
org.springframework.beans.factory.BeanDefinitionStoreException: Failed to process import candidates for configuration class [com.book.manager.SecretWebApplication]; nested exception is java.lang.IllegalArgumentException: Cannot instantiate factory class: org.springframework.boot.autoconfigure.AutoConfigurationImportFilter
	at org.springframework.context.annotation.ConfigurationClassParser.processDeferredImportSelectors(ConfigurationClassParser.java:461)
	at org.springframework.context.annotation.ConfigurationClassParser.parse(ConfigurationClassParser.java:185)
	at org.springframework.context.annotation.ConfigurationClassPostProcessor.processConfigBeanDefinitions(ConfigurationClassPostProcessor.java:321)
	at org.springframework.context.annotation.ConfigurationClassPostProcessor.postProcessBeanDefinitionRegistry(ConfigurationClassPostProcessor.java:243)
	at org.springframework.context.support.PostProcessorRegistrationDelegate.invokeBeanDefinitionRegistryPostProcessors(PostProcessorRegistrationDelegate.java:273)
	at org.springframework.context.support.PostProcessorRegistrationDelegate.invokeBeanFactoryPostProcessors(PostProcessorRegistrationDelegate.java:98)
	at org.springframework.context.support.AbstractApplicationContext.invokeBeanFactoryPostProcessors(AbstractApplicationContext.java:678)
	at org.springframework.context.support.AbstractApplicationContext.refresh(AbstractApplicationContext.java:520)
	at org.springframework.boot.context.embedded.EmbeddedWebApplicationContext.refresh(EmbeddedWebApplicationContext.java:122)
	at org.springframework.boot.SpringApplication.refresh(SpringApplication.java:737)
	at org.springframework.boot.SpringApplication.refreshContext(SpringApplication.java:370)
	at org.springframework.boot.SpringApplication.run(SpringApplication.java:314)
	at org.springframework.boot.SpringApplication.run(SpringApplication.java:1162)
	at org.springframework.boot.SpringApplication.run(SpringApplication.java:1151)
	at com.book.manager.SecretWebApplication.main(SecretWebApplication.java:17)
Caused by: java.lang.IllegalArgumentException: Cannot instantiate factory class: org.springframework.boot.autoconfigure.AutoConfigurationImportFilter
	at org.springframework.core.io.support.SpringFactoriesLoader.instantiateFactory(SpringFactoriesLoader.java:138)
	at org.springframework.core.io.support.SpringFactoriesLoader.loadFactories(SpringFactoriesLoader.java:91)
	at org.springframework.boot.autoconfigure.AutoConfigurationImportSelector.getAutoConfigurationImportFilters(AutoConfigurationImportSelector.java:280)
	at org.springframework.boot.autoconfigure.AutoConfigurationImportSelector.filter(AutoConfigurationImportSelector.java:251)
	at org.springframework.boot.autoconfigure.AutoConfigurationImportSelector.selectImports(AutoConfigurationImportSelector.java:102)
	at org.springframework.context.annotation.ConfigurationClassParser.processDeferredImportSelectors(ConfigurationClassParser.java:453)
	... 14 common frames omitted
Caused by: java.lang.IllegalAccessException: Class org.springframework.core.io.support.SpringFactoriesLoader can not access a member of class org.springframework.boot.autoconfigure.condition.OnClassCondition with modifiers ""
	at sun.reflect.Reflection.ensureMemberAccess(Reflection.java:102)
	at java.lang.Class.newInstance(Class.java:436)
	at org.springframework.core.io.support.SpringFactoriesLoader.instantiateFactory(SpringFactoriesLoader.java:135)
	... 19 common frames omitted
2019-05-15 16:12:50.086 - INFO 10744 [           main] com.book.manager.SecretWebApplication    : Starting SecretWebApplication on DESKTOP-OBGM3RI with PID 10744 (D:\workspace\book-pro-java\book-manager\target\classes started by Thinkpad in D:\workspace\book-pro-java)
2019-05-15 16:12:50.094 - INFO 10744 [           main] com.book.manager.SecretWebApplication    : The following profiles are active: dev
2019-05-15 16:12:50.243 - INFO 10744 [           main] ationConfigEmbeddedWebApplicationContext : Refreshing org.springframework.boot.context.embedded.AnnotationConfigEmbeddedWebApplicationContext@59b38691: startup date [Wed May 15 16:12:50 CST 2019]; root of context hierarchy
2019-05-15 16:12:50.719 - INFO 10744 [kground-preinit] o.h.validator.internal.util.Version      : HV000001: Hibernate Validator 5.3.4.Final
2019-05-15 16:12:51.466 - WARN 10744 [           main] ationConfigEmbeddedWebApplicationContext : Exception encountered during context initialization - cancelling refresh attempt: org.springframework.beans.factory.BeanDefinitionStoreException: Failed to process import candidates for configuration class [com.book.manager.SecretWebApplication]; nested exception is java.lang.IllegalArgumentException: Cannot instantiate factory class: org.springframework.boot.autoconfigure.AutoConfigurationImportFilter
2019-05-15 16:12:51.520 -ERROR 10744 [           main] o.s.boot.SpringApplication               : Application startup failed
org.springframework.beans.factory.BeanDefinitionStoreException: Failed to process import candidates for configuration class [com.book.manager.SecretWebApplication]; nested exception is java.lang.IllegalArgumentException: Cannot instantiate factory class: org.springframework.boot.autoconfigure.AutoConfigurationImportFilter
	at org.springframework.context.annotation.ConfigurationClassParser.processDeferredImportSelectors(ConfigurationClassParser.java:461)
	at org.springframework.context.annotation.ConfigurationClassParser.parse(ConfigurationClassParser.java:185)
	at org.springframework.context.annotation.ConfigurationClassPostProcessor.processConfigBeanDefinitions(ConfigurationClassPostProcessor.java:321)
	at org.springframework.context.annotation.ConfigurationClassPostProcessor.postProcessBeanDefinitionRegistry(ConfigurationClassPostProcessor.java:243)
	at org.springframework.context.support.PostProcessorRegistrationDelegate.invokeBeanDefinitionRegistryPostProcessors(PostProcessorRegistrationDelegate.java:273)
	at org.springframework.context.support.PostProcessorRegistrationDelegate.invokeBeanFactoryPostProcessors(PostProcessorRegistrationDelegate.java:98)
	at org.springframework.context.support.AbstractApplicationContext.invokeBeanFactoryPostProcessors(AbstractApplicationContext.java:678)
	at org.springframework.context.support.AbstractApplicationContext.refresh(AbstractApplicationContext.java:520)
	at org.springframework.boot.context.embedded.EmbeddedWebApplicationContext.refresh(EmbeddedWebApplicationContext.java:122)
	at org.springframework.boot.SpringApplication.refresh(SpringApplication.java:737)
	at org.springframework.boot.SpringApplication.refreshContext(SpringApplication.java:370)
	at org.springframework.boot.SpringApplication.run(SpringApplication.java:314)
	at org.springframework.boot.SpringApplication.run(SpringApplication.java:1162)
	at org.springframework.boot.SpringApplication.run(SpringApplication.java:1151)
	at com.book.manager.SecretWebApplication.main(SecretWebApplication.java:17)
Caused by: java.lang.IllegalArgumentException: Cannot instantiate factory class: org.springframework.boot.autoconfigure.AutoConfigurationImportFilter
	at org.springframework.core.io.support.SpringFactoriesLoader.instantiateFactory(SpringFactoriesLoader.java:138)
	at org.springframework.core.io.support.SpringFactoriesLoader.loadFactories(SpringFactoriesLoader.java:91)
	at org.springframework.boot.autoconfigure.AutoConfigurationImportSelector.getAutoConfigurationImportFilters(AutoConfigurationImportSelector.java:280)
	at org.springframework.boot.autoconfigure.AutoConfigurationImportSelector.filter(AutoConfigurationImportSelector.java:251)
	at org.springframework.boot.autoconfigure.AutoConfigurationImportSelector.selectImports(AutoConfigurationImportSelector.java:102)
	at org.springframework.context.annotation.ConfigurationClassParser.processDeferredImportSelectors(ConfigurationClassParser.java:453)
	... 14 common frames omitted
Caused by: java.lang.IllegalAccessException: Class org.springframework.core.io.support.SpringFactoriesLoader can not access a member of class org.springframework.boot.autoconfigure.condition.OnClassCondition with modifiers ""
	at sun.reflect.Reflection.ensureMemberAccess(Reflection.java:102)
	at java.lang.Class.newInstance(Class.java:436)
	at org.springframework.core.io.support.SpringFactoriesLoader.instantiateFactory(SpringFactoriesLoader.java:135)
	... 19 common frames omitted
2019-05-15 16:18:18.090 - INFO 29328 [           main] com.book.manager.SecretWebApplication    : Starting SecretWebApplication on DESKTOP-OBGM3RI with PID 29328 (D:\workspace\book-pro-java\book-manager\target\classes started by Thinkpad in D:\workspace\book-pro-java)
2019-05-15 16:18:18.106 - INFO 29328 [           main] com.book.manager.SecretWebApplication    : The following profiles are active: dev
2019-05-15 16:18:18.324 - INFO 29328 [           main] ationConfigEmbeddedWebApplicationContext : Refreshing org.springframework.boot.context.embedded.AnnotationConfigEmbeddedWebApplicationContext@59b38691: startup date [Wed May 15 16:18:18 CST 2019]; root of context hierarchy
2019-05-15 16:18:18.732 - INFO 29328 [kground-preinit] o.h.validator.internal.util.Version      : HV000001: Hibernate Validator 5.3.4.Final
2019-05-15 16:18:19.749 - WARN 29328 [           main] ationConfigEmbeddedWebApplicationContext : Exception encountered during context initialization - cancelling refresh attempt: org.springframework.beans.factory.BeanDefinitionStoreException: Failed to process import candidates for configuration class [com.book.manager.SecretWebApplication]; nested exception is java.lang.IllegalArgumentException: Cannot instantiate factory class: org.springframework.boot.autoconfigure.AutoConfigurationImportFilter
2019-05-15 16:18:19.796 -ERROR 29328 [           main] o.s.boot.SpringApplication               : Application startup failed
org.springframework.beans.factory.BeanDefinitionStoreException: Failed to process import candidates for configuration class [com.book.manager.SecretWebApplication]; nested exception is java.lang.IllegalArgumentException: Cannot instantiate factory class: org.springframework.boot.autoconfigure.AutoConfigurationImportFilter
	at org.springframework.context.annotation.ConfigurationClassParser.processDeferredImportSelectors(ConfigurationClassParser.java:461)
	at org.springframework.context.annotation.ConfigurationClassParser.parse(ConfigurationClassParser.java:185)
	at org.springframework.context.annotation.ConfigurationClassPostProcessor.processConfigBeanDefinitions(ConfigurationClassPostProcessor.java:321)
	at org.springframework.context.annotation.ConfigurationClassPostProcessor.postProcessBeanDefinitionRegistry(ConfigurationClassPostProcessor.java:243)
	at org.springframework.context.support.PostProcessorRegistrationDelegate.invokeBeanDefinitionRegistryPostProcessors(PostProcessorRegistrationDelegate.java:273)
	at org.springframework.context.support.PostProcessorRegistrationDelegate.invokeBeanFactoryPostProcessors(PostProcessorRegistrationDelegate.java:98)
	at org.springframework.context.support.AbstractApplicationContext.invokeBeanFactoryPostProcessors(AbstractApplicationContext.java:678)
	at org.springframework.context.support.AbstractApplicationContext.refresh(AbstractApplicationContext.java:520)
	at org.springframework.boot.context.embedded.EmbeddedWebApplicationContext.refresh(EmbeddedWebApplicationContext.java:122)
	at org.springframework.boot.SpringApplication.refresh(SpringApplication.java:737)
	at org.springframework.boot.SpringApplication.refreshContext(SpringApplication.java:370)
	at org.springframework.boot.SpringApplication.run(SpringApplication.java:314)
	at org.springframework.boot.SpringApplication.run(SpringApplication.java:1162)
	at org.springframework.boot.SpringApplication.run(SpringApplication.java:1151)
	at com.book.manager.SecretWebApplication.main(SecretWebApplication.java:17)
Caused by: java.lang.IllegalArgumentException: Cannot instantiate factory class: org.springframework.boot.autoconfigure.AutoConfigurationImportFilter
	at org.springframework.core.io.support.SpringFactoriesLoader.instantiateFactory(SpringFactoriesLoader.java:138)
	at org.springframework.core.io.support.SpringFactoriesLoader.loadFactories(SpringFactoriesLoader.java:91)
	at org.springframework.boot.autoconfigure.AutoConfigurationImportSelector.getAutoConfigurationImportFilters(AutoConfigurationImportSelector.java:280)
	at org.springframework.boot.autoconfigure.AutoConfigurationImportSelector.filter(AutoConfigurationImportSelector.java:251)
	at org.springframework.boot.autoconfigure.AutoConfigurationImportSelector.selectImports(AutoConfigurationImportSelector.java:102)
	at org.springframework.context.annotation.ConfigurationClassParser.processDeferredImportSelectors(ConfigurationClassParser.java:453)
	... 14 common frames omitted
Caused by: java.lang.IllegalAccessException: Class org.springframework.core.io.support.SpringFactoriesLoader can not access a member of class org.springframework.boot.autoconfigure.condition.OnClassCondition with modifiers ""
	at sun.reflect.Reflection.ensureMemberAccess(Reflection.java:102)
	at java.lang.Class.newInstance(Class.java:436)
	at org.springframework.core.io.support.SpringFactoriesLoader.instantiateFactory(SpringFactoriesLoader.java:135)
	... 19 common frames omitted
2019-05-15 16:25:20.909 - INFO 52460 [           main] com.book.manager.BookWebApplication      : Starting BookWebApplication on DESKTOP-OBGM3RI with PID 52460 (D:\workspace\book-pro-java\book-manager\target\classes started by Thinkpad in D:\workspace\book-pro-java)
2019-05-15 16:25:20.915 - INFO 52460 [           main] com.book.manager.BookWebApplication      : The following profiles are active: dev
2019-05-15 16:25:21.131 - INFO 52460 [           main] ationConfigEmbeddedWebApplicationContext : Refreshing org.springframework.boot.context.embedded.AnnotationConfigEmbeddedWebApplicationContext@2e2ff723: startup date [Wed May 15 16:25:21 CST 2019]; root of context hierarchy
2019-05-15 16:25:21.465 - INFO 52460 [kground-preinit] o.h.validator.internal.util.Version      : HV000001: Hibernate Validator 5.3.5.Final
2019-05-15 16:25:22.100 - WARN 52460 [           main] ationConfigEmbeddedWebApplicationContext : Exception encountered during context initialization - cancelling refresh attempt: org.springframework.beans.factory.BeanDefinitionStoreException: Failed to process import candidates for configuration class [com.book.manager.BookWebApplication]; nested exception is java.lang.IllegalArgumentException: Cannot instantiate factory class: org.springframework.boot.autoconfigure.AutoConfigurationImportFilter
2019-05-15 16:25:22.136 -ERROR 52460 [           main] o.s.boot.SpringApplication               : Application startup failed
org.springframework.beans.factory.BeanDefinitionStoreException: Failed to process import candidates for configuration class [com.book.manager.BookWebApplication]; nested exception is java.lang.IllegalArgumentException: Cannot instantiate factory class: org.springframework.boot.autoconfigure.AutoConfigurationImportFilter
	at org.springframework.context.annotation.ConfigurationClassParser.processDeferredImportSelectors(ConfigurationClassParser.java:461)
	at org.springframework.context.annotation.ConfigurationClassParser.parse(ConfigurationClassParser.java:185)
	at org.springframework.context.annotation.ConfigurationClassPostProcessor.processConfigBeanDefinitions(ConfigurationClassPostProcessor.java:321)
	at org.springframework.context.annotation.ConfigurationClassPostProcessor.postProcessBeanDefinitionRegistry(ConfigurationClassPostProcessor.java:243)
	at org.springframework.context.support.PostProcessorRegistrationDelegate.invokeBeanDefinitionRegistryPostProcessors(PostProcessorRegistrationDelegate.java:273)
	at org.springframework.context.support.PostProcessorRegistrationDelegate.invokeBeanFactoryPostProcessors(PostProcessorRegistrationDelegate.java:98)
	at org.springframework.context.support.AbstractApplicationContext.invokeBeanFactoryPostProcessors(AbstractApplicationContext.java:678)
	at org.springframework.context.support.AbstractApplicationContext.refresh(AbstractApplicationContext.java:520)
	at org.springframework.boot.context.embedded.EmbeddedWebApplicationContext.refresh(EmbeddedWebApplicationContext.java:122)
	at org.springframework.boot.SpringApplication.refresh(SpringApplication.java:693)
	at org.springframework.boot.SpringApplication.refreshContext(SpringApplication.java:360)
	at org.springframework.boot.SpringApplication.run(SpringApplication.java:303)
	at org.springframework.boot.SpringApplication.run(SpringApplication.java:1118)
	at org.springframework.boot.SpringApplication.run(SpringApplication.java:1107)
	at com.book.manager.BookWebApplication.main(BookWebApplication.java:17)
Caused by: java.lang.IllegalArgumentException: Cannot instantiate factory class: org.springframework.boot.autoconfigure.AutoConfigurationImportFilter
	at org.springframework.core.io.support.SpringFactoriesLoader.instantiateFactory(SpringFactoriesLoader.java:138)
	at org.springframework.core.io.support.SpringFactoriesLoader.loadFactories(SpringFactoriesLoader.java:91)
	at org.springframework.boot.autoconfigure.AutoConfigurationImportSelector.getAutoConfigurationImportFilters(AutoConfigurationImportSelector.java:280)
	at org.springframework.boot.autoconfigure.AutoConfigurationImportSelector.filter(AutoConfigurationImportSelector.java:251)
	at org.springframework.boot.autoconfigure.AutoConfigurationImportSelector.selectImports(AutoConfigurationImportSelector.java:102)
	at org.springframework.context.annotation.ConfigurationClassParser.processDeferredImportSelectors(ConfigurationClassParser.java:453)
	... 14 common frames omitted
Caused by: java.lang.IllegalAccessException: Class org.springframework.core.io.support.SpringFactoriesLoader can not access a member of class org.springframework.boot.autoconfigure.condition.OnClassCondition with modifiers ""
	at sun.reflect.Reflection.ensureMemberAccess(Reflection.java:102)
	at java.lang.Class.newInstance(Class.java:436)
	at org.springframework.core.io.support.SpringFactoriesLoader.instantiateFactory(SpringFactoriesLoader.java:135)
	... 19 common frames omitted
2019-05-15 16:30:50.995 - INFO 47528 [           main] com.book.manager.BookWebApplication      : Starting BookWebApplication on DESKTOP-OBGM3RI with PID 47528 (D:\workspace\book-pro-java\book-manager\target\classes started by Thinkpad in D:\workspace\book-pro-java)
2019-05-15 16:30:51.002 - INFO 47528 [           main] com.book.manager.BookWebApplication      : The following profiles are active: dev
2019-05-15 16:30:51.151 - INFO 47528 [           main] ationConfigEmbeddedWebApplicationContext : Refreshing org.springframework.boot.context.embedded.AnnotationConfigEmbeddedWebApplicationContext@59b38691: startup date [Wed May 15 16:30:51 CST 2019]; root of context hierarchy
2019-05-15 16:30:51.699 - INFO 47528 [kground-preinit] o.h.validator.internal.util.Version      : HV000001: Hibernate Validator 5.3.4.Final
2019-05-15 16:30:52.520 - WARN 47528 [           main] ationConfigEmbeddedWebApplicationContext : Exception encountered during context initialization - cancelling refresh attempt: org.springframework.beans.factory.BeanDefinitionStoreException: Failed to process import candidates for configuration class [com.book.manager.BookWebApplication]; nested exception is java.lang.IllegalArgumentException: Cannot instantiate factory class: org.springframework.boot.autoconfigure.AutoConfigurationImportFilter
2019-05-15 16:30:52.564 -ERROR 47528 [           main] o.s.boot.SpringApplication               : Application startup failed
org.springframework.beans.factory.BeanDefinitionStoreException: Failed to process import candidates for configuration class [com.book.manager.BookWebApplication]; nested exception is java.lang.IllegalArgumentException: Cannot instantiate factory class: org.springframework.boot.autoconfigure.AutoConfigurationImportFilter
	at org.springframework.context.annotation.ConfigurationClassParser.processDeferredImportSelectors(ConfigurationClassParser.java:461)
	at org.springframework.context.annotation.ConfigurationClassParser.parse(ConfigurationClassParser.java:185)
	at org.springframework.context.annotation.ConfigurationClassPostProcessor.processConfigBeanDefinitions(ConfigurationClassPostProcessor.java:321)
	at org.springframework.context.annotation.ConfigurationClassPostProcessor.postProcessBeanDefinitionRegistry(ConfigurationClassPostProcessor.java:243)
	at org.springframework.context.support.PostProcessorRegistrationDelegate.invokeBeanDefinitionRegistryPostProcessors(PostProcessorRegistrationDelegate.java:273)
	at org.springframework.context.support.PostProcessorRegistrationDelegate.invokeBeanFactoryPostProcessors(PostProcessorRegistrationDelegate.java:98)
	at org.springframework.context.support.AbstractApplicationContext.invokeBeanFactoryPostProcessors(AbstractApplicationContext.java:678)
	at org.springframework.context.support.AbstractApplicationContext.refresh(AbstractApplicationContext.java:520)
	at org.springframework.boot.context.embedded.EmbeddedWebApplicationContext.refresh(EmbeddedWebApplicationContext.java:122)
	at org.springframework.boot.SpringApplication.refresh(SpringApplication.java:737)
	at org.springframework.boot.SpringApplication.refreshContext(SpringApplication.java:370)
	at org.springframework.boot.SpringApplication.run(SpringApplication.java:314)
	at org.springframework.boot.SpringApplication.run(SpringApplication.java:1162)
	at org.springframework.boot.SpringApplication.run(SpringApplication.java:1151)
	at com.book.manager.BookWebApplication.main(BookWebApplication.java:17)
Caused by: java.lang.IllegalArgumentException: Cannot instantiate factory class: org.springframework.boot.autoconfigure.AutoConfigurationImportFilter
	at org.springframework.core.io.support.SpringFactoriesLoader.instantiateFactory(SpringFactoriesLoader.java:138)
	at org.springframework.core.io.support.SpringFactoriesLoader.loadFactories(SpringFactoriesLoader.java:91)
	at org.springframework.boot.autoconfigure.AutoConfigurationImportSelector.getAutoConfigurationImportFilters(AutoConfigurationImportSelector.java:280)
	at org.springframework.boot.autoconfigure.AutoConfigurationImportSelector.filter(AutoConfigurationImportSelector.java:251)
	at org.springframework.boot.autoconfigure.AutoConfigurationImportSelector.selectImports(AutoConfigurationImportSelector.java:102)
	at org.springframework.context.annotation.ConfigurationClassParser.processDeferredImportSelectors(ConfigurationClassParser.java:453)
	... 14 common frames omitted
Caused by: java.lang.IllegalAccessException: Class org.springframework.core.io.support.SpringFactoriesLoader can not access a member of class org.springframework.boot.autoconfigure.condition.OnClassCondition with modifiers ""
	at sun.reflect.Reflection.ensureMemberAccess(Reflection.java:102)
	at java.lang.Class.newInstance(Class.java:436)
	at org.springframework.core.io.support.SpringFactoriesLoader.instantiateFactory(SpringFactoriesLoader.java:135)
	... 19 common frames omitted
2019-05-15 16:44:18.666 - INFO 54808 [           main] com.book.manager.BookWebApplication      : Starting BookWebApplication on DESKTOP-OBGM3RI with PID 54808 (D:\workspace\book-pro-java\book-manager\target\classes started by Thinkpad in D:\workspace\book-pro-java)
2019-05-15 16:44:18.675 - INFO 54808 [           main] com.book.manager.BookWebApplication      : The following profiles are active: dev
2019-05-15 16:44:18.840 - INFO 54808 [           main] ationConfigEmbeddedWebApplicationContext : Refreshing org.springframework.boot.context.embedded.AnnotationConfigEmbeddedWebApplicationContext@5674e1f2: startup date [Wed May 15 16:44:18 CST 2019]; root of context hierarchy
2019-05-15 16:44:19.165 - INFO 54808 [kground-preinit] o.h.validator.internal.util.Version      : HV000001: Hibernate Validator 5.3.5.Final
2019-05-15 16:44:19.917 - WARN 54808 [           main] ationConfigEmbeddedWebApplicationContext : Exception encountered during context initialization - cancelling refresh attempt: org.springframework.beans.factory.BeanDefinitionStoreException: Failed to process import candidates for configuration class [com.book.manager.BookWebApplication]; nested exception is java.lang.IllegalArgumentException: Cannot instantiate factory class: org.springframework.boot.autoconfigure.AutoConfigurationImportFilter
2019-05-15 16:44:19.957 -ERROR 54808 [           main] o.s.boot.SpringApplication               : Application startup failed
org.springframework.beans.factory.BeanDefinitionStoreException: Failed to process import candidates for configuration class [com.book.manager.BookWebApplication]; nested exception is java.lang.IllegalArgumentException: Cannot instantiate factory class: org.springframework.boot.autoconfigure.AutoConfigurationImportFilter
	at org.springframework.context.annotation.ConfigurationClassParser.processDeferredImportSelectors(ConfigurationClassParser.java:461)
	at org.springframework.context.annotation.ConfigurationClassParser.parse(ConfigurationClassParser.java:185)
	at org.springframework.context.annotation.ConfigurationClassPostProcessor.processConfigBeanDefinitions(ConfigurationClassPostProcessor.java:321)
	at org.springframework.context.annotation.ConfigurationClassPostProcessor.postProcessBeanDefinitionRegistry(ConfigurationClassPostProcessor.java:243)
	at org.springframework.context.support.PostProcessorRegistrationDelegate.invokeBeanDefinitionRegistryPostProcessors(PostProcessorRegistrationDelegate.java:273)
	at org.springframework.context.support.PostProcessorRegistrationDelegate.invokeBeanFactoryPostProcessors(PostProcessorRegistrationDelegate.java:98)
	at org.springframework.context.support.AbstractApplicationContext.invokeBeanFactoryPostProcessors(AbstractApplicationContext.java:678)
	at org.springframework.context.support.AbstractApplicationContext.refresh(AbstractApplicationContext.java:520)
	at org.springframework.boot.context.embedded.EmbeddedWebApplicationContext.refresh(EmbeddedWebApplicationContext.java:122)
	at org.springframework.boot.SpringApplication.refresh(SpringApplication.java:693)
	at org.springframework.boot.SpringApplication.refreshContext(SpringApplication.java:360)
	at org.springframework.boot.SpringApplication.run(SpringApplication.java:303)
	at org.springframework.boot.SpringApplication.run(SpringApplication.java:1118)
	at org.springframework.boot.SpringApplication.run(SpringApplication.java:1107)
	at com.book.manager.BookWebApplication.main(BookWebApplication.java:17)
Caused by: java.lang.IllegalArgumentException: Cannot instantiate factory class: org.springframework.boot.autoconfigure.AutoConfigurationImportFilter
	at org.springframework.core.io.support.SpringFactoriesLoader.instantiateFactory(SpringFactoriesLoader.java:138)
	at org.springframework.core.io.support.SpringFactoriesLoader.loadFactories(SpringFactoriesLoader.java:91)
	at org.springframework.boot.autoconfigure.AutoConfigurationImportSelector.getAutoConfigurationImportFilters(AutoConfigurationImportSelector.java:280)
	at org.springframework.boot.autoconfigure.AutoConfigurationImportSelector.filter(AutoConfigurationImportSelector.java:251)
	at org.springframework.boot.autoconfigure.AutoConfigurationImportSelector.selectImports(AutoConfigurationImportSelector.java:102)
	at org.springframework.context.annotation.ConfigurationClassParser.processDeferredImportSelectors(ConfigurationClassParser.java:453)
	... 14 common frames omitted
Caused by: java.lang.IllegalAccessException: Class org.springframework.core.io.support.SpringFactoriesLoader can not access a member of class org.springframework.boot.autoconfigure.condition.OnClassCondition with modifiers ""
	at sun.reflect.Reflection.ensureMemberAccess(Reflection.java:102)
	at java.lang.Class.newInstance(Class.java:436)
	at org.springframework.core.io.support.SpringFactoriesLoader.instantiateFactory(SpringFactoriesLoader.java:135)
	... 19 common frames omitted
2019-05-15 16:51:09.633 - INFO 29204 [           main] com.book.web.SecretWebApplication        : Starting SecretWebApplication on DESKTOP-OBGM3RI with PID 29204 (D:\workspace\book-pro-java\book-web\target\classes started by Thinkpad in D:\workspace\book-pro-java)
2019-05-15 16:51:09.638 - INFO 29204 [           main] com.book.web.SecretWebApplication        : The following profiles are active: dev
2019-05-15 16:51:09.747 - INFO 29204 [           main] ationConfigEmbeddedWebApplicationContext : Refreshing org.springframework.boot.context.embedded.AnnotationConfigEmbeddedWebApplicationContext@7241a47d: startup date [Wed May 15 16:51:09 CST 2019]; root of context hierarchy
2019-05-15 16:51:10.021 - INFO 29204 [kground-preinit] o.h.validator.internal.util.Version      : HV000001: Hibernate Validator 5.3.4.Final
2019-05-15 16:51:11.124 - INFO 29204 [           main] o.s.b.f.xml.XmlBeanDefinitionReader      : Loading XML bean definitions from class path resource [applicationContext.xml]
2019-05-15 16:51:11.319 - INFO 29204 [           main] o.s.b.f.xml.XmlBeanDefinitionReader      : Loading XML bean definitions from class path resource [dubbo-consumer.xml]
2019-05-15 16:51:11.949 - INFO 29204 [           main] c.a.dubbo.common.logger.LoggerFactory    : using logger: com.alibaba.dubbo.common.logger.log4j2.Log4j2LoggerAdapter
2019-05-15 16:51:12.238 - INFO 29204 [           main] .s.d.r.c.RepositoryConfigurationDelegate : Multiple Spring Data modules found, entering strict repository configuration mode!
2019-05-15 16:51:12.889 - WARN 29204 [           main] figurationPropertiesBindingPostProcessor : Multiple PropertySourcesPlaceholderConfigurer beans registered [org.springframework.context.support.PropertySourcesPlaceholderConfigurer#0, swaggerProperties], falling back to Environment
2019-05-15 16:51:13.884 - INFO 29204 [           main] s.b.c.e.t.TomcatEmbeddedServletContainer : Tomcat initialized with port(s): 18084 (http)
2019-05-15 16:51:13.899 - INFO 29204 [           main] o.apache.catalina.core.StandardService   : Starting service Tomcat
2019-05-15 16:51:13.901 - INFO 29204 [           main] org.apache.catalina.core.StandardEngine  : Starting Servlet Engine: Apache Tomcat/8.5.11
2019-05-15 16:51:14.082 - INFO 29204 [ost-startStop-1] o.a.c.c.C.[Tomcat].[localhost].[/]       : Initializing Spring embedded WebApplicationContext
2019-05-15 16:51:14.082 - INFO 29204 [ost-startStop-1] o.s.web.context.ContextLoader            : Root WebApplicationContext: initialization completed in 4335 ms
2019-05-15 16:51:14.396 - INFO 29204 [ost-startStop-1] o.s.b.w.servlet.ServletRegistrationBean  : Mapping servlet: 'dispatcherServlet' to [/]
2019-05-15 16:51:14.405 - INFO 29204 [ost-startStop-1] o.s.b.w.servlet.FilterRegistrationBean   : Mapping filter: 'characterEncodingFilter' to: [/*]
2019-05-15 16:51:14.406 - INFO 29204 [ost-startStop-1] o.s.b.w.servlet.FilterRegistrationBean   : Mapping filter: 'hiddenHttpMethodFilter' to: [/*]
2019-05-15 16:51:14.406 - INFO 29204 [ost-startStop-1] o.s.b.w.servlet.FilterRegistrationBean   : Mapping filter: 'httpPutFormContentFilter' to: [/*]
2019-05-15 16:51:14.406 - INFO 29204 [ost-startStop-1] o.s.b.w.servlet.FilterRegistrationBean   : Mapping filter: 'requestContextFilter' to: [/*]
2019-05-15 16:51:15.739 - INFO 29204 [           main] s.w.s.m.m.a.RequestMappingHandlerMapping : Mapped "{[/v2/api-docs],methods=[GET]}" onto public org.springframework.http.ResponseEntity<springfox.documentation.spring.web.json.Json> springfox.documentation.swagger2.web.Swagger2Controller.getDocumentation(java.lang.String)
2019-05-15 16:51:15.745 - INFO 29204 [           main] s.w.s.m.m.a.RequestMappingHandlerMapping : Mapped "{[/configuration/ui]}" onto org.springframework.http.ResponseEntity<springfox.documentation.swagger.web.UiConfiguration> springfox.documentation.swagger.web.ApiResourceController.uiConfiguration()
2019-05-15 16:51:15.745 - INFO 29204 [           main] s.w.s.m.m.a.RequestMappingHandlerMapping : Mapped "{[/swagger-resources]}" onto org.springframework.http.ResponseEntity<java.util.List<springfox.documentation.swagger.web.SwaggerResource>> springfox.documentation.swagger.web.ApiResourceController.swaggerResources()
2019-05-15 16:51:15.746 - INFO 29204 [           main] s.w.s.m.m.a.RequestMappingHandlerMapping : Mapped "{[/configuration/security]}" onto org.springframework.http.ResponseEntity<springfox.documentation.swagger.web.SecurityConfiguration> springfox.documentation.swagger.web.ApiResourceController.securityConfiguration()
2019-05-15 16:51:15.752 - INFO 29204 [           main] s.w.s.m.m.a.RequestMappingHandlerMapping : Mapped "{[/error]}" onto public org.springframework.http.ResponseEntity<java.util.Map<java.lang.String, java.lang.Object>> org.springframework.boot.autoconfigure.web.BasicErrorController.error(javax.servlet.http.HttpServletRequest)
2019-05-15 16:51:15.753 - INFO 29204 [           main] s.w.s.m.m.a.RequestMappingHandlerMapping : Mapped "{[/error],produces=[text/html]}" onto public org.springframework.web.servlet.ModelAndView org.springframework.boot.autoconfigure.web.BasicErrorController.errorHtml(javax.servlet.http.HttpServletRequest,javax.servlet.http.HttpServletResponse)
2019-05-15 16:51:16.494 - INFO 29204 [           main] s.w.s.m.m.a.RequestMappingHandlerAdapter : Looking for @ControllerAdvice: org.springframework.boot.context.embedded.AnnotationConfigEmbeddedWebApplicationContext@7241a47d: startup date [Wed May 15 16:51:09 CST 2019]; root of context hierarchy
2019-05-15 16:51:16.607 - INFO 29204 [           main] o.s.w.s.handler.SimpleUrlHandlerMapping  : Mapped URL path [/webjars/**] onto handler of type [class org.springframework.web.servlet.resource.ResourceHttpRequestHandler]
2019-05-15 16:51:16.607 - INFO 29204 [           main] o.s.w.s.handler.SimpleUrlHandlerMapping  : Mapped URL path [/**] onto handler of type [class org.springframework.web.servlet.resource.ResourceHttpRequestHandler]
2019-05-15 16:51:16.650 - INFO 29204 [           main] .m.m.a.ExceptionHandlerExceptionResolver : Detected @ExceptionHandler methods in globalExceptionHandler
2019-05-15 16:51:16.701 - INFO 29204 [           main] o.s.w.s.handler.SimpleUrlHandlerMapping  : Mapped URL path [/**/favicon.ico] onto handler of type [class org.springframework.web.servlet.resource.ResourceHttpRequestHandler]
2019-05-15 16:51:17.718 - INFO 29204 [           main] o.s.j.e.a.AnnotationMBeanExporter        : Registering beans for JMX exposure on startup
2019-05-15 16:51:17.745 - INFO 29204 [           main] d.s.w.p.DocumentationPluginsBootstrapper : Context refreshed
2019-05-15 16:51:17.784 - INFO 29204 [           main] d.s.w.p.DocumentationPluginsBootstrapper : Found {0} custom documentation plugin(s)
2019-05-15 16:51:17.799 - INFO 29204 [           main] s.d.s.w.s.ApiListingReferenceScanner     : Scanning for api listing references
2019-05-15 16:51:17.839 - INFO 29204 [           main] o.a.coyote.http11.Http11NioProtocol      : Initializing ProtocolHandler ["http-nio-18084"]
2019-05-15 16:51:17.856 - INFO 29204 [           main] o.a.coyote.http11.Http11NioProtocol      : Starting ProtocolHandler [http-nio-18084]
2019-05-15 16:51:17.888 - INFO 29204 [           main] o.a.tomcat.util.net.NioSelectorPool      : Using a shared selector for servlet write/read
2019-05-15 16:51:17.916 - INFO 29204 [           main] s.b.c.e.t.TomcatEmbeddedServletContainer : Tomcat started on port(s): 18084 (http)
2019-05-15 16:51:17.925 - INFO 29204 [           main] com.book.web.SecretWebApplication        : Started SecretWebApplication in 9.026 seconds (JVM running for 13.485)
2019-05-15 16:52:49.333 - INFO 22172 [           main] com.book.manager.BookWebApplication      : Starting BookWebApplication on DESKTOP-OBGM3RI with PID 22172 (D:\workspace\book-pro-java\book-manager\target\classes started by Thinkpad in D:\workspace\book-pro-java)
2019-05-15 16:52:49.338 - INFO 22172 [           main] com.book.manager.BookWebApplication      : The following profiles are active: dev
2019-05-15 16:52:49.485 - INFO 22172 [           main] ationConfigEmbeddedWebApplicationContext : Refreshing org.springframework.boot.context.embedded.AnnotationConfigEmbeddedWebApplicationContext@43f82e78: startup date [Wed May 15 16:52:49 CST 2019]; root of context hierarchy
2019-05-15 16:52:49.818 - INFO 22172 [kground-preinit] o.h.validator.internal.util.Version      : HV000001: Hibernate Validator 5.3.5.Final
2019-05-15 16:52:50.535 - WARN 22172 [           main] ationConfigEmbeddedWebApplicationContext : Exception encountered during context initialization - cancelling refresh attempt: org.springframework.beans.factory.BeanDefinitionStoreException: Failed to process import candidates for configuration class [com.book.manager.BookWebApplication]; nested exception is java.lang.IllegalArgumentException: Cannot instantiate factory class: org.springframework.boot.autoconfigure.AutoConfigurationImportFilter
2019-05-15 16:52:50.564 -ERROR 22172 [           main] o.s.boot.SpringApplication               : Application startup failed
org.springframework.beans.factory.BeanDefinitionStoreException: Failed to process import candidates for configuration class [com.book.manager.BookWebApplication]; nested exception is java.lang.IllegalArgumentException: Cannot instantiate factory class: org.springframework.boot.autoconfigure.AutoConfigurationImportFilter
	at org.springframework.context.annotation.ConfigurationClassParser.processDeferredImportSelectors(ConfigurationClassParser.java:461)
	at org.springframework.context.annotation.ConfigurationClassParser.parse(ConfigurationClassParser.java:185)
	at org.springframework.context.annotation.ConfigurationClassPostProcessor.processConfigBeanDefinitions(ConfigurationClassPostProcessor.java:321)
	at org.springframework.context.annotation.ConfigurationClassPostProcessor.postProcessBeanDefinitionRegistry(ConfigurationClassPostProcessor.java:243)
	at org.springframework.context.support.PostProcessorRegistrationDelegate.invokeBeanDefinitionRegistryPostProcessors(PostProcessorRegistrationDelegate.java:273)
	at org.springframework.context.support.PostProcessorRegistrationDelegate.invokeBeanFactoryPostProcessors(PostProcessorRegistrationDelegate.java:98)
	at org.springframework.context.support.AbstractApplicationContext.invokeBeanFactoryPostProcessors(AbstractApplicationContext.java:678)
	at org.springframework.context.support.AbstractApplicationContext.refresh(AbstractApplicationContext.java:520)
	at org.springframework.boot.context.embedded.EmbeddedWebApplicationContext.refresh(EmbeddedWebApplicationContext.java:122)
	at org.springframework.boot.SpringApplication.refresh(SpringApplication.java:693)
	at org.springframework.boot.SpringApplication.refreshContext(SpringApplication.java:360)
	at org.springframework.boot.SpringApplication.run(SpringApplication.java:303)
	at org.springframework.boot.SpringApplication.run(SpringApplication.java:1118)
	at org.springframework.boot.SpringApplication.run(SpringApplication.java:1107)
	at com.book.manager.BookWebApplication.main(BookWebApplication.java:17)
Caused by: java.lang.IllegalArgumentException: Cannot instantiate factory class: org.springframework.boot.autoconfigure.AutoConfigurationImportFilter
	at org.springframework.core.io.support.SpringFactoriesLoader.instantiateFactory(SpringFactoriesLoader.java:138)
	at org.springframework.core.io.support.SpringFactoriesLoader.loadFactories(SpringFactoriesLoader.java:91)
	at org.springframework.boot.autoconfigure.AutoConfigurationImportSelector.getAutoConfigurationImportFilters(AutoConfigurationImportSelector.java:280)
	at org.springframework.boot.autoconfigure.AutoConfigurationImportSelector.filter(AutoConfigurationImportSelector.java:251)
	at org.springframework.boot.autoconfigure.AutoConfigurationImportSelector.selectImports(AutoConfigurationImportSelector.java:102)
	at org.springframework.context.annotation.ConfigurationClassParser.processDeferredImportSelectors(ConfigurationClassParser.java:453)
	... 14 common frames omitted
Caused by: java.lang.IllegalAccessException: Class org.springframework.core.io.support.SpringFactoriesLoader can not access a member of class org.springframework.boot.autoconfigure.condition.OnClassCondition with modifiers ""
	at sun.reflect.Reflection.ensureMemberAccess(Reflection.java:102)
	at java.lang.Class.newInstance(Class.java:436)
	at org.springframework.core.io.support.SpringFactoriesLoader.instantiateFactory(SpringFactoriesLoader.java:135)
	... 19 common frames omitted
2019-05-15 17:02:38.443 - INFO 38388 [           main] com.book.manager.BookWebApplication      : Starting BookWebApplication on DESKTOP-OBGM3RI with PID 38388 (D:\workspace\book-pro-java\book-manager\target\classes started by Thinkpad in D:\workspace\book-pro-java)
2019-05-15 17:02:38.452 - INFO 38388 [           main] com.book.manager.BookWebApplication      : The following profiles are active: dev
2019-05-15 17:02:38.689 - INFO 38388 [           main] ationConfigEmbeddedWebApplicationContext : Refreshing org.springframework.boot.context.embedded.AnnotationConfigEmbeddedWebApplicationContext@5dd1c9f2: startup date [Wed May 15 17:02:38 CST 2019]; root of context hierarchy
2019-05-15 17:02:39.114 - INFO 38388 [kground-preinit] o.h.validator.internal.util.Version      : HV000001: Hibernate Validator 5.3.5.Final
2019-05-15 17:02:39.726 - WARN 38388 [           main] ationConfigEmbeddedWebApplicationContext : Exception encountered during context initialization - cancelling refresh attempt: org.springframework.beans.factory.BeanDefinitionStoreException: Failed to process import candidates for configuration class [com.book.manager.BookWebApplication]; nested exception is java.lang.IllegalArgumentException: Cannot instantiate factory class: org.springframework.boot.autoconfigure.AutoConfigurationImportFilter
2019-05-15 17:02:39.746 -ERROR 38388 [           main] o.s.boot.SpringApplication               : Application startup failed
org.springframework.beans.factory.BeanDefinitionStoreException: Failed to process import candidates for configuration class [com.book.manager.BookWebApplication]; nested exception is java.lang.IllegalArgumentException: Cannot instantiate factory class: org.springframework.boot.autoconfigure.AutoConfigurationImportFilter
	at org.springframework.context.annotation.ConfigurationClassParser.processDeferredImportSelectors(ConfigurationClassParser.java:461)
	at org.springframework.context.annotation.ConfigurationClassParser.parse(ConfigurationClassParser.java:185)
	at org.springframework.context.annotation.ConfigurationClassPostProcessor.processConfigBeanDefinitions(ConfigurationClassPostProcessor.java:321)
	at org.springframework.context.annotation.ConfigurationClassPostProcessor.postProcessBeanDefinitionRegistry(ConfigurationClassPostProcessor.java:243)
	at org.springframework.context.support.PostProcessorRegistrationDelegate.invokeBeanDefinitionRegistryPostProcessors(PostProcessorRegistrationDelegate.java:273)
	at org.springframework.context.support.PostProcessorRegistrationDelegate.invokeBeanFactoryPostProcessors(PostProcessorRegistrationDelegate.java:98)
	at org.springframework.context.support.AbstractApplicationContext.invokeBeanFactoryPostProcessors(AbstractApplicationContext.java:678)
	at org.springframework.context.support.AbstractApplicationContext.refresh(AbstractApplicationContext.java:520)
	at org.springframework.boot.context.embedded.EmbeddedWebApplicationContext.refresh(EmbeddedWebApplicationContext.java:122)
	at org.springframework.boot.SpringApplication.refresh(SpringApplication.java:693)
	at org.springframework.boot.SpringApplication.refreshContext(SpringApplication.java:360)
	at org.springframework.boot.SpringApplication.run(SpringApplication.java:303)
	at org.springframework.boot.SpringApplication.run(SpringApplication.java:1118)
	at org.springframework.boot.SpringApplication.run(SpringApplication.java:1107)
	at com.book.manager.BookWebApplication.main(BookWebApplication.java:17)
Caused by: java.lang.IllegalArgumentException: Cannot instantiate factory class: org.springframework.boot.autoconfigure.AutoConfigurationImportFilter
	at org.springframework.core.io.support.SpringFactoriesLoader.instantiateFactory(SpringFactoriesLoader.java:138)
	at org.springframework.core.io.support.SpringFactoriesLoader.loadFactories(SpringFactoriesLoader.java:91)
	at org.springframework.boot.autoconfigure.AutoConfigurationImportSelector.getAutoConfigurationImportFilters(AutoConfigurationImportSelector.java:280)
	at org.springframework.boot.autoconfigure.AutoConfigurationImportSelector.filter(AutoConfigurationImportSelector.java:251)
	at org.springframework.boot.autoconfigure.AutoConfigurationImportSelector.selectImports(AutoConfigurationImportSelector.java:102)
	at org.springframework.context.annotation.ConfigurationClassParser.processDeferredImportSelectors(ConfigurationClassParser.java:453)
	... 14 common frames omitted
Caused by: java.lang.IllegalAccessException: Class org.springframework.core.io.support.SpringFactoriesLoader can not access a member of class org.springframework.boot.autoconfigure.condition.OnClassCondition with modifiers ""
	at sun.reflect.Reflection.ensureMemberAccess(Reflection.java:102)
	at java.lang.Class.newInstance(Class.java:436)
	at org.springframework.core.io.support.SpringFactoriesLoader.instantiateFactory(SpringFactoriesLoader.java:135)
	... 19 common frames omitted
2019-05-15 17:04:49.542 - INFO 42256 [           main] com.book.manager.BookWebApplication      : Starting BookWebApplication on DESKTOP-OBGM3RI with PID 42256 (D:\workspace\book-pro-java\book-manager\target\classes started by Thinkpad in D:\workspace\book-pro-java)
2019-05-15 17:04:49.548 - INFO 42256 [           main] com.book.manager.BookWebApplication      : The following profiles are active: dev
2019-05-15 17:04:49.728 - INFO 42256 [           main] ationConfigEmbeddedWebApplicationContext : Refreshing org.springframework.boot.context.embedded.AnnotationConfigEmbeddedWebApplicationContext@5674e1f2: startup date [Wed May 15 17:04:49 CST 2019]; root of context hierarchy
2019-05-15 17:04:50.254 - INFO 42256 [kground-preinit] o.h.validator.internal.util.Version      : HV000001: Hibernate Validator 5.3.5.Final
2019-05-15 17:04:50.873 - WARN 42256 [           main] ationConfigEmbeddedWebApplicationContext : Exception encountered during context initialization - cancelling refresh attempt: org.springframework.beans.factory.BeanDefinitionStoreException: Failed to process import candidates for configuration class [com.book.manager.BookWebApplication]; nested exception is java.lang.IllegalArgumentException: Cannot instantiate factory class: org.springframework.boot.autoconfigure.AutoConfigurationImportFilter
2019-05-15 17:04:50.907 -ERROR 42256 [           main] o.s.boot.SpringApplication               : Application startup failed
org.springframework.beans.factory.BeanDefinitionStoreException: Failed to process import candidates for configuration class [com.book.manager.BookWebApplication]; nested exception is java.lang.IllegalArgumentException: Cannot instantiate factory class: org.springframework.boot.autoconfigure.AutoConfigurationImportFilter
	at org.springframework.context.annotation.ConfigurationClassParser.processDeferredImportSelectors(ConfigurationClassParser.java:461)
	at org.springframework.context.annotation.ConfigurationClassParser.parse(ConfigurationClassParser.java:185)
	at org.springframework.context.annotation.ConfigurationClassPostProcessor.processConfigBeanDefinitions(ConfigurationClassPostProcessor.java:321)
	at org.springframework.context.annotation.ConfigurationClassPostProcessor.postProcessBeanDefinitionRegistry(ConfigurationClassPostProcessor.java:243)
	at org.springframework.context.support.PostProcessorRegistrationDelegate.invokeBeanDefinitionRegistryPostProcessors(PostProcessorRegistrationDelegate.java:273)
	at org.springframework.context.support.PostProcessorRegistrationDelegate.invokeBeanFactoryPostProcessors(PostProcessorRegistrationDelegate.java:98)
	at org.springframework.context.support.AbstractApplicationContext.invokeBeanFactoryPostProcessors(AbstractApplicationContext.java:678)
	at org.springframework.context.support.AbstractApplicationContext.refresh(AbstractApplicationContext.java:520)
	at org.springframework.boot.context.embedded.EmbeddedWebApplicationContext.refresh(EmbeddedWebApplicationContext.java:122)
	at org.springframework.boot.SpringApplication.refresh(SpringApplication.java:693)
	at org.springframework.boot.SpringApplication.refreshContext(SpringApplication.java:360)
	at org.springframework.boot.SpringApplication.run(SpringApplication.java:303)
	at org.springframework.boot.SpringApplication.run(SpringApplication.java:1118)
	at org.springframework.boot.SpringApplication.run(SpringApplication.java:1107)
	at com.book.manager.BookWebApplication.main(BookWebApplication.java:17)
Caused by: java.lang.IllegalArgumentException: Cannot instantiate factory class: org.springframework.boot.autoconfigure.AutoConfigurationImportFilter
	at org.springframework.core.io.support.SpringFactoriesLoader.instantiateFactory(SpringFactoriesLoader.java:138)
	at org.springframework.core.io.support.SpringFactoriesLoader.loadFactories(SpringFactoriesLoader.java:91)
	at org.springframework.boot.autoconfigure.AutoConfigurationImportSelector.getAutoConfigurationImportFilters(AutoConfigurationImportSelector.java:280)
	at org.springframework.boot.autoconfigure.AutoConfigurationImportSelector.filter(AutoConfigurationImportSelector.java:251)
	at org.springframework.boot.autoconfigure.AutoConfigurationImportSelector.selectImports(AutoConfigurationImportSelector.java:102)
	at org.springframework.context.annotation.ConfigurationClassParser.processDeferredImportSelectors(ConfigurationClassParser.java:453)
	... 14 common frames omitted
Caused by: java.lang.IllegalAccessException: Class org.springframework.core.io.support.SpringFactoriesLoader can not access a member of class org.springframework.boot.autoconfigure.condition.OnClassCondition with modifiers ""
	at sun.reflect.Reflection.ensureMemberAccess(Reflection.java:102)
	at java.lang.Class.newInstance(Class.java:436)
	at org.springframework.core.io.support.SpringFactoriesLoader.instantiateFactory(SpringFactoriesLoader.java:135)
	... 19 common frames omitted
2019-05-15 17:06:23.532 - INFO 39736 [           main] com.book.manager.BookWebApplication      : Starting BookWebApplication on DESKTOP-OBGM3RI with PID 39736 (D:\workspace\book-pro-java\book-manager\target\classes started by Thinkpad in D:\workspace\book-pro-java)
2019-05-15 17:06:23.537 - INFO 39736 [           main] com.book.manager.BookWebApplication      : The following profiles are active: dev
2019-05-15 17:06:23.888 - INFO 39736 [           main] ationConfigEmbeddedWebApplicationContext : Refreshing org.springframework.boot.context.embedded.AnnotationConfigEmbeddedWebApplicationContext@5674e1f2: startup date [Wed May 15 17:06:23 CST 2019]; root of context hierarchy
2019-05-15 17:06:24.568 - INFO 39736 [kground-preinit] o.h.validator.internal.util.Version      : HV000001: Hibernate Validator 5.3.5.Final
2019-05-15 17:06:25.085 - WARN 39736 [           main] ationConfigEmbeddedWebApplicationContext : Exception encountered during context initialization - cancelling refresh attempt: org.springframework.beans.factory.BeanDefinitionStoreException: Failed to process import candidates for configuration class [com.book.manager.BookWebApplication]; nested exception is java.lang.IllegalArgumentException: Cannot instantiate factory class: org.springframework.boot.autoconfigure.AutoConfigurationImportFilter
2019-05-15 17:06:25.119 -ERROR 39736 [           main] o.s.boot.SpringApplication               : Application startup failed
org.springframework.beans.factory.BeanDefinitionStoreException: Failed to process import candidates for configuration class [com.book.manager.BookWebApplication]; nested exception is java.lang.IllegalArgumentException: Cannot instantiate factory class: org.springframework.boot.autoconfigure.AutoConfigurationImportFilter
	at org.springframework.context.annotation.ConfigurationClassParser.processDeferredImportSelectors(ConfigurationClassParser.java:461)
	at org.springframework.context.annotation.ConfigurationClassParser.parse(ConfigurationClassParser.java:185)
	at org.springframework.context.annotation.ConfigurationClassPostProcessor.processConfigBeanDefinitions(ConfigurationClassPostProcessor.java:321)
	at org.springframework.context.annotation.ConfigurationClassPostProcessor.postProcessBeanDefinitionRegistry(ConfigurationClassPostProcessor.java:243)
	at org.springframework.context.support.PostProcessorRegistrationDelegate.invokeBeanDefinitionRegistryPostProcessors(PostProcessorRegistrationDelegate.java:273)
	at org.springframework.context.support.PostProcessorRegistrationDelegate.invokeBeanFactoryPostProcessors(PostProcessorRegistrationDelegate.java:98)
	at org.springframework.context.support.AbstractApplicationContext.invokeBeanFactoryPostProcessors(AbstractApplicationContext.java:678)
	at org.springframework.context.support.AbstractApplicationContext.refresh(AbstractApplicationContext.java:520)
	at org.springframework.boot.context.embedded.EmbeddedWebApplicationContext.refresh(EmbeddedWebApplicationContext.java:122)
	at org.springframework.boot.SpringApplication.refresh(SpringApplication.java:693)
	at org.springframework.boot.SpringApplication.refreshContext(SpringApplication.java:360)
	at org.springframework.boot.SpringApplication.run(SpringApplication.java:303)
	at org.springframework.boot.SpringApplication.run(SpringApplication.java:1118)
	at org.springframework.boot.SpringApplication.run(SpringApplication.java:1107)
	at com.book.manager.BookWebApplication.main(BookWebApplication.java:17)
Caused by: java.lang.IllegalArgumentException: Cannot instantiate factory class: org.springframework.boot.autoconfigure.AutoConfigurationImportFilter
	at org.springframework.core.io.support.SpringFactoriesLoader.instantiateFactory(SpringFactoriesLoader.java:138)
	at org.springframework.core.io.support.SpringFactoriesLoader.loadFactories(SpringFactoriesLoader.java:91)
	at org.springframework.boot.autoconfigure.AutoConfigurationImportSelector.getAutoConfigurationImportFilters(AutoConfigurationImportSelector.java:280)
	at org.springframework.boot.autoconfigure.AutoConfigurationImportSelector.filter(AutoConfigurationImportSelector.java:251)
	at org.springframework.boot.autoconfigure.AutoConfigurationImportSelector.selectImports(AutoConfigurationImportSelector.java:102)
	at org.springframework.context.annotation.ConfigurationClassParser.processDeferredImportSelectors(ConfigurationClassParser.java:453)
	... 14 common frames omitted
Caused by: java.lang.IllegalAccessException: Class org.springframework.core.io.support.SpringFactoriesLoader can not access a member of class org.springframework.boot.autoconfigure.condition.OnClassCondition with modifiers ""
	at sun.reflect.Reflection.ensureMemberAccess(Reflection.java:102)
	at java.lang.Class.newInstance(Class.java:436)
	at org.springframework.core.io.support.SpringFactoriesLoader.instantiateFactory(SpringFactoriesLoader.java:135)
	... 19 common frames omitted
2019-05-15 17:51:01.519 - INFO 12488 [           main] com.book.manager.BookWebApplication      : Starting BookWebApplication on DESKTOP-OBGM3RI with PID 12488 (D:\workspace\book-pro-java\book-manager\target\classes started by Thinkpad in D:\workspace\book-pro-java)
2019-05-15 17:51:01.524 - INFO 12488 [           main] com.book.manager.BookWebApplication      : The following profiles are active: dev
2019-05-15 17:51:01.633 - INFO 12488 [           main] ationConfigEmbeddedWebApplicationContext : Refreshing org.springframework.boot.context.embedded.AnnotationConfigEmbeddedWebApplicationContext@4b23c30a: startup date [Wed May 15 17:51:01 CST 2019]; root of context hierarchy
2019-05-15 17:51:01.937 - INFO 12488 [kground-preinit] o.h.validator.internal.util.Version      : HV000001: Hibernate Validator 5.3.5.Final
2019-05-15 17:51:02.519 - WARN 12488 [           main] ationConfigEmbeddedWebApplicationContext : Exception encountered during context initialization - cancelling refresh attempt: org.springframework.beans.factory.BeanDefinitionStoreException: Failed to process import candidates for configuration class [com.book.manager.BookWebApplication]; nested exception is java.lang.IllegalArgumentException: Cannot instantiate factory class: org.springframework.boot.autoconfigure.AutoConfigurationImportFilter
2019-05-15 17:51:02.537 -ERROR 12488 [           main] o.s.boot.SpringApplication               : Application startup failed
org.springframework.beans.factory.BeanDefinitionStoreException: Failed to process import candidates for configuration class [com.book.manager.BookWebApplication]; nested exception is java.lang.IllegalArgumentException: Cannot instantiate factory class: org.springframework.boot.autoconfigure.AutoConfigurationImportFilter
	at org.springframework.context.annotation.ConfigurationClassParser.processDeferredImportSelectors(ConfigurationClassParser.java:461)
	at org.springframework.context.annotation.ConfigurationClassParser.parse(ConfigurationClassParser.java:185)
	at org.springframework.context.annotation.ConfigurationClassPostProcessor.processConfigBeanDefinitions(ConfigurationClassPostProcessor.java:321)
	at org.springframework.context.annotation.ConfigurationClassPostProcessor.postProcessBeanDefinitionRegistry(ConfigurationClassPostProcessor.java:243)
	at org.springframework.context.support.PostProcessorRegistrationDelegate.invokeBeanDefinitionRegistryPostProcessors(PostProcessorRegistrationDelegate.java:273)
	at org.springframework.context.support.PostProcessorRegistrationDelegate.invokeBeanFactoryPostProcessors(PostProcessorRegistrationDelegate.java:98)
	at org.springframework.context.support.AbstractApplicationContext.invokeBeanFactoryPostProcessors(AbstractApplicationContext.java:678)
	at org.springframework.context.support.AbstractApplicationContext.refresh(AbstractApplicationContext.java:520)
	at org.springframework.boot.context.embedded.EmbeddedWebApplicationContext.refresh(EmbeddedWebApplicationContext.java:122)
	at org.springframework.boot.SpringApplication.refresh(SpringApplication.java:693)
	at org.springframework.boot.SpringApplication.refreshContext(SpringApplication.java:360)
	at org.springframework.boot.SpringApplication.run(SpringApplication.java:303)
	at org.springframework.boot.SpringApplication.run(SpringApplication.java:1118)
	at org.springframework.boot.SpringApplication.run(SpringApplication.java:1107)
	at com.book.manager.BookWebApplication.main(BookWebApplication.java:17)
Caused by: java.lang.IllegalArgumentException: Cannot instantiate factory class: org.springframework.boot.autoconfigure.AutoConfigurationImportFilter
	at org.springframework.core.io.support.SpringFactoriesLoader.instantiateFactory(SpringFactoriesLoader.java:138)
	at org.springframework.core.io.support.SpringFactoriesLoader.loadFactories(SpringFactoriesLoader.java:91)
	at org.springframework.boot.autoconfigure.AutoConfigurationImportSelector.getAutoConfigurationImportFilters(AutoConfigurationImportSelector.java:280)
	at org.springframework.boot.autoconfigure.AutoConfigurationImportSelector.filter(AutoConfigurationImportSelector.java:251)
	at org.springframework.boot.autoconfigure.AutoConfigurationImportSelector.selectImports(AutoConfigurationImportSelector.java:102)
	at org.springframework.context.annotation.ConfigurationClassParser.processDeferredImportSelectors(ConfigurationClassParser.java:453)
	... 14 common frames omitted
Caused by: java.lang.IllegalAccessException: Class org.springframework.core.io.support.SpringFactoriesLoader can not access a member of class org.springframework.boot.autoconfigure.condition.OnClassCondition with modifiers ""
	at sun.reflect.Reflection.ensureMemberAccess(Reflection.java:102)
	at java.lang.Class.newInstance(Class.java:436)
	at org.springframework.core.io.support.SpringFactoriesLoader.instantiateFactory(SpringFactoriesLoader.java:135)
	... 19 common frames omitted
