2019-05-15 16:05:59.779 -ERROR 50936 [           main] o.s.boot.SpringApplication               : Application startup failed
org.springframework.beans.factory.BeanDefinitionStoreException: Failed to process import candidates for configuration class [com.book.manager.SecretWebApplication]; nested exception is java.lang.IllegalArgumentException: Cannot instantiate factory class: org.springframework.boot.autoconfigure.AutoConfigurationImportFilter
	at org.springframework.context.annotation.ConfigurationClassParser.processDeferredImportSelectors(ConfigurationClassParser.java:461)
	at org.springframework.context.annotation.ConfigurationClassParser.parse(ConfigurationClassParser.java:185)
	at org.springframework.context.annotation.ConfigurationClassPostProcessor.processConfigBeanDefinitions(ConfigurationClassPostProcessor.java:321)
	at org.springframework.context.annotation.ConfigurationClassPostProcessor.postProcessBeanDefinitionRegistry(ConfigurationClassPostProcessor.java:243)
	at org.springframework.context.support.PostProcessorRegistrationDelegate.invokeBeanDefinitionRegistryPostProcessors(PostProcessorRegistrationDelegate.java:273)
	at org.springframework.context.support.PostProcessorRegistrationDelegate.invokeBeanFactoryPostProcessors(PostProcessorRegistrationDelegate.java:98)
	at org.springframework.context.support.AbstractApplicationContext.invokeBeanFactoryPostProcessors(AbstractApplicationContext.java:678)
	at org.springframework.context.support.AbstractApplicationContext.refresh(AbstractApplicationContext.java:520)
	at org.springframework.boot.context.embedded.EmbeddedWebApplicationContext.refresh(EmbeddedWebApplicationContext.java:122)
	at org.springframework.boot.SpringApplication.refresh(SpringApplication.java:737)
	at org.springframework.boot.SpringApplication.refreshContext(SpringApplication.java:370)
	at org.springframework.boot.SpringApplication.run(SpringApplication.java:314)
	at org.springframework.boot.SpringApplication.run(SpringApplication.java:1162)
	at org.springframework.boot.SpringApplication.run(SpringApplication.java:1151)
	at com.book.manager.SecretWebApplication.main(SecretWebApplication.java:17)
Caused by: java.lang.IllegalArgumentException: Cannot instantiate factory class: org.springframework.boot.autoconfigure.AutoConfigurationImportFilter
	at org.springframework.core.io.support.SpringFactoriesLoader.instantiateFactory(SpringFactoriesLoader.java:138)
	at org.springframework.core.io.support.SpringFactoriesLoader.loadFactories(SpringFactoriesLoader.java:91)
	at org.springframework.boot.autoconfigure.AutoConfigurationImportSelector.getAutoConfigurationImportFilters(AutoConfigurationImportSelector.java:280)
	at org.springframework.boot.autoconfigure.AutoConfigurationImportSelector.filter(AutoConfigurationImportSelector.java:251)
	at org.springframework.boot.autoconfigure.AutoConfigurationImportSelector.selectImports(AutoConfigurationImportSelector.java:102)
	at org.springframework.context.annotation.ConfigurationClassParser.processDeferredImportSelectors(ConfigurationClassParser.java:453)
	... 14 common frames omitted
Caused by: java.lang.IllegalAccessException: Class org.springframework.core.io.support.SpringFactoriesLoader can not access a member of class org.springframework.boot.autoconfigure.condition.OnClassCondition with modifiers ""
	at sun.reflect.Reflection.ensureMemberAccess(Reflection.java:102)
	at java.lang.Class.newInstance(Class.java:436)
	at org.springframework.core.io.support.SpringFactoriesLoader.instantiateFactory(SpringFactoriesLoader.java:135)
	... 19 common frames omitted
2019-05-15 16:10:37.751 -ERROR 31472 [           main] o.s.boot.SpringApplication               : Application startup failed
org.springframework.beans.factory.BeanDefinitionStoreException: Failed to process import candidates for configuration class [com.book.manager.SecretWebApplication]; nested exception is java.lang.IllegalArgumentException: Cannot instantiate factory class: org.springframework.boot.autoconfigure.AutoConfigurationImportFilter
	at org.springframework.context.annotation.ConfigurationClassParser.processDeferredImportSelectors(ConfigurationClassParser.java:461)
	at org.springframework.context.annotation.ConfigurationClassParser.parse(ConfigurationClassParser.java:185)
	at org.springframework.context.annotation.ConfigurationClassPostProcessor.processConfigBeanDefinitions(ConfigurationClassPostProcessor.java:321)
	at org.springframework.context.annotation.ConfigurationClassPostProcessor.postProcessBeanDefinitionRegistry(ConfigurationClassPostProcessor.java:243)
	at org.springframework.context.support.PostProcessorRegistrationDelegate.invokeBeanDefinitionRegistryPostProcessors(PostProcessorRegistrationDelegate.java:273)
	at org.springframework.context.support.PostProcessorRegistrationDelegate.invokeBeanFactoryPostProcessors(PostProcessorRegistrationDelegate.java:98)
	at org.springframework.context.support.AbstractApplicationContext.invokeBeanFactoryPostProcessors(AbstractApplicationContext.java:678)
	at org.springframework.context.support.AbstractApplicationContext.refresh(AbstractApplicationContext.java:520)
	at org.springframework.boot.context.embedded.EmbeddedWebApplicationContext.refresh(EmbeddedWebApplicationContext.java:122)
	at org.springframework.boot.SpringApplication.refresh(SpringApplication.java:737)
	at org.springframework.boot.SpringApplication.refreshContext(SpringApplication.java:370)
	at org.springframework.boot.SpringApplication.run(SpringApplication.java:314)
	at org.springframework.boot.SpringApplication.run(SpringApplication.java:1162)
	at org.springframework.boot.SpringApplication.run(SpringApplication.java:1151)
	at com.book.manager.SecretWebApplication.main(SecretWebApplication.java:17)
Caused by: java.lang.IllegalArgumentException: Cannot instantiate factory class: org.springframework.boot.autoconfigure.AutoConfigurationImportFilter
	at org.springframework.core.io.support.SpringFactoriesLoader.instantiateFactory(SpringFactoriesLoader.java:138)
	at org.springframework.core.io.support.SpringFactoriesLoader.loadFactories(SpringFactoriesLoader.java:91)
	at org.springframework.boot.autoconfigure.AutoConfigurationImportSelector.getAutoConfigurationImportFilters(AutoConfigurationImportSelector.java:280)
	at org.springframework.boot.autoconfigure.AutoConfigurationImportSelector.filter(AutoConfigurationImportSelector.java:251)
	at org.springframework.boot.autoconfigure.AutoConfigurationImportSelector.selectImports(AutoConfigurationImportSelector.java:102)
	at org.springframework.context.annotation.ConfigurationClassParser.processDeferredImportSelectors(ConfigurationClassParser.java:453)
	... 14 common frames omitted
Caused by: java.lang.IllegalAccessException: Class org.springframework.core.io.support.SpringFactoriesLoader can not access a member of class org.springframework.boot.autoconfigure.condition.OnClassCondition with modifiers ""
	at sun.reflect.Reflection.ensureMemberAccess(Reflection.java:102)
	at java.lang.Class.newInstance(Class.java:436)
	at org.springframework.core.io.support.SpringFactoriesLoader.instantiateFactory(SpringFactoriesLoader.java:135)
	... 19 common frames omitted
2019-05-15 16:12:51.520 -ERROR 10744 [           main] o.s.boot.SpringApplication               : Application startup failed
org.springframework.beans.factory.BeanDefinitionStoreException: Failed to process import candidates for configuration class [com.book.manager.SecretWebApplication]; nested exception is java.lang.IllegalArgumentException: Cannot instantiate factory class: org.springframework.boot.autoconfigure.AutoConfigurationImportFilter
	at org.springframework.context.annotation.ConfigurationClassParser.processDeferredImportSelectors(ConfigurationClassParser.java:461)
	at org.springframework.context.annotation.ConfigurationClassParser.parse(ConfigurationClassParser.java:185)
	at org.springframework.context.annotation.ConfigurationClassPostProcessor.processConfigBeanDefinitions(ConfigurationClassPostProcessor.java:321)
	at org.springframework.context.annotation.ConfigurationClassPostProcessor.postProcessBeanDefinitionRegistry(ConfigurationClassPostProcessor.java:243)
	at org.springframework.context.support.PostProcessorRegistrationDelegate.invokeBeanDefinitionRegistryPostProcessors(PostProcessorRegistrationDelegate.java:273)
	at org.springframework.context.support.PostProcessorRegistrationDelegate.invokeBeanFactoryPostProcessors(PostProcessorRegistrationDelegate.java:98)
	at org.springframework.context.support.AbstractApplicationContext.invokeBeanFactoryPostProcessors(AbstractApplicationContext.java:678)
	at org.springframework.context.support.AbstractApplicationContext.refresh(AbstractApplicationContext.java:520)
	at org.springframework.boot.context.embedded.EmbeddedWebApplicationContext.refresh(EmbeddedWebApplicationContext.java:122)
	at org.springframework.boot.SpringApplication.refresh(SpringApplication.java:737)
	at org.springframework.boot.SpringApplication.refreshContext(SpringApplication.java:370)
	at org.springframework.boot.SpringApplication.run(SpringApplication.java:314)
	at org.springframework.boot.SpringApplication.run(SpringApplication.java:1162)
	at org.springframework.boot.SpringApplication.run(SpringApplication.java:1151)
	at com.book.manager.SecretWebApplication.main(SecretWebApplication.java:17)
Caused by: java.lang.IllegalArgumentException: Cannot instantiate factory class: org.springframework.boot.autoconfigure.AutoConfigurationImportFilter
	at org.springframework.core.io.support.SpringFactoriesLoader.instantiateFactory(SpringFactoriesLoader.java:138)
	at org.springframework.core.io.support.SpringFactoriesLoader.loadFactories(SpringFactoriesLoader.java:91)
	at org.springframework.boot.autoconfigure.AutoConfigurationImportSelector.getAutoConfigurationImportFilters(AutoConfigurationImportSelector.java:280)
	at org.springframework.boot.autoconfigure.AutoConfigurationImportSelector.filter(AutoConfigurationImportSelector.java:251)
	at org.springframework.boot.autoconfigure.AutoConfigurationImportSelector.selectImports(AutoConfigurationImportSelector.java:102)
	at org.springframework.context.annotation.ConfigurationClassParser.processDeferredImportSelectors(ConfigurationClassParser.java:453)
	... 14 common frames omitted
Caused by: java.lang.IllegalAccessException: Class org.springframework.core.io.support.SpringFactoriesLoader can not access a member of class org.springframework.boot.autoconfigure.condition.OnClassCondition with modifiers ""
	at sun.reflect.Reflection.ensureMemberAccess(Reflection.java:102)
	at java.lang.Class.newInstance(Class.java:436)
	at org.springframework.core.io.support.SpringFactoriesLoader.instantiateFactory(SpringFactoriesLoader.java:135)
	... 19 common frames omitted
2019-05-15 16:18:19.796 -ERROR 29328 [           main] o.s.boot.SpringApplication               : Application startup failed
org.springframework.beans.factory.BeanDefinitionStoreException: Failed to process import candidates for configuration class [com.book.manager.SecretWebApplication]; nested exception is java.lang.IllegalArgumentException: Cannot instantiate factory class: org.springframework.boot.autoconfigure.AutoConfigurationImportFilter
	at org.springframework.context.annotation.ConfigurationClassParser.processDeferredImportSelectors(ConfigurationClassParser.java:461)
	at org.springframework.context.annotation.ConfigurationClassParser.parse(ConfigurationClassParser.java:185)
	at org.springframework.context.annotation.ConfigurationClassPostProcessor.processConfigBeanDefinitions(ConfigurationClassPostProcessor.java:321)
	at org.springframework.context.annotation.ConfigurationClassPostProcessor.postProcessBeanDefinitionRegistry(ConfigurationClassPostProcessor.java:243)
	at org.springframework.context.support.PostProcessorRegistrationDelegate.invokeBeanDefinitionRegistryPostProcessors(PostProcessorRegistrationDelegate.java:273)
	at org.springframework.context.support.PostProcessorRegistrationDelegate.invokeBeanFactoryPostProcessors(PostProcessorRegistrationDelegate.java:98)
	at org.springframework.context.support.AbstractApplicationContext.invokeBeanFactoryPostProcessors(AbstractApplicationContext.java:678)
	at org.springframework.context.support.AbstractApplicationContext.refresh(AbstractApplicationContext.java:520)
	at org.springframework.boot.context.embedded.EmbeddedWebApplicationContext.refresh(EmbeddedWebApplicationContext.java:122)
	at org.springframework.boot.SpringApplication.refresh(SpringApplication.java:737)
	at org.springframework.boot.SpringApplication.refreshContext(SpringApplication.java:370)
	at org.springframework.boot.SpringApplication.run(SpringApplication.java:314)
	at org.springframework.boot.SpringApplication.run(SpringApplication.java:1162)
	at org.springframework.boot.SpringApplication.run(SpringApplication.java:1151)
	at com.book.manager.SecretWebApplication.main(SecretWebApplication.java:17)
Caused by: java.lang.IllegalArgumentException: Cannot instantiate factory class: org.springframework.boot.autoconfigure.AutoConfigurationImportFilter
	at org.springframework.core.io.support.SpringFactoriesLoader.instantiateFactory(SpringFactoriesLoader.java:138)
	at org.springframework.core.io.support.SpringFactoriesLoader.loadFactories(SpringFactoriesLoader.java:91)
	at org.springframework.boot.autoconfigure.AutoConfigurationImportSelector.getAutoConfigurationImportFilters(AutoConfigurationImportSelector.java:280)
	at org.springframework.boot.autoconfigure.AutoConfigurationImportSelector.filter(AutoConfigurationImportSelector.java:251)
	at org.springframework.boot.autoconfigure.AutoConfigurationImportSelector.selectImports(AutoConfigurationImportSelector.java:102)
	at org.springframework.context.annotation.ConfigurationClassParser.processDeferredImportSelectors(ConfigurationClassParser.java:453)
	... 14 common frames omitted
Caused by: java.lang.IllegalAccessException: Class org.springframework.core.io.support.SpringFactoriesLoader can not access a member of class org.springframework.boot.autoconfigure.condition.OnClassCondition with modifiers ""
	at sun.reflect.Reflection.ensureMemberAccess(Reflection.java:102)
	at java.lang.Class.newInstance(Class.java:436)
	at org.springframework.core.io.support.SpringFactoriesLoader.instantiateFactory(SpringFactoriesLoader.java:135)
	... 19 common frames omitted
2019-05-15 16:25:22.136 -ERROR 52460 [           main] o.s.boot.SpringApplication               : Application startup failed
org.springframework.beans.factory.BeanDefinitionStoreException: Failed to process import candidates for configuration class [com.book.manager.BookWebApplication]; nested exception is java.lang.IllegalArgumentException: Cannot instantiate factory class: org.springframework.boot.autoconfigure.AutoConfigurationImportFilter
	at org.springframework.context.annotation.ConfigurationClassParser.processDeferredImportSelectors(ConfigurationClassParser.java:461)
	at org.springframework.context.annotation.ConfigurationClassParser.parse(ConfigurationClassParser.java:185)
	at org.springframework.context.annotation.ConfigurationClassPostProcessor.processConfigBeanDefinitions(ConfigurationClassPostProcessor.java:321)
	at org.springframework.context.annotation.ConfigurationClassPostProcessor.postProcessBeanDefinitionRegistry(ConfigurationClassPostProcessor.java:243)
	at org.springframework.context.support.PostProcessorRegistrationDelegate.invokeBeanDefinitionRegistryPostProcessors(PostProcessorRegistrationDelegate.java:273)
	at org.springframework.context.support.PostProcessorRegistrationDelegate.invokeBeanFactoryPostProcessors(PostProcessorRegistrationDelegate.java:98)
	at org.springframework.context.support.AbstractApplicationContext.invokeBeanFactoryPostProcessors(AbstractApplicationContext.java:678)
	at org.springframework.context.support.AbstractApplicationContext.refresh(AbstractApplicationContext.java:520)
	at org.springframework.boot.context.embedded.EmbeddedWebApplicationContext.refresh(EmbeddedWebApplicationContext.java:122)
	at org.springframework.boot.SpringApplication.refresh(SpringApplication.java:693)
	at org.springframework.boot.SpringApplication.refreshContext(SpringApplication.java:360)
	at org.springframework.boot.SpringApplication.run(SpringApplication.java:303)
	at org.springframework.boot.SpringApplication.run(SpringApplication.java:1118)
	at org.springframework.boot.SpringApplication.run(SpringApplication.java:1107)
	at com.book.manager.BookWebApplication.main(BookWebApplication.java:17)
Caused by: java.lang.IllegalArgumentException: Cannot instantiate factory class: org.springframework.boot.autoconfigure.AutoConfigurationImportFilter
	at org.springframework.core.io.support.SpringFactoriesLoader.instantiateFactory(SpringFactoriesLoader.java:138)
	at org.springframework.core.io.support.SpringFactoriesLoader.loadFactories(SpringFactoriesLoader.java:91)
	at org.springframework.boot.autoconfigure.AutoConfigurationImportSelector.getAutoConfigurationImportFilters(AutoConfigurationImportSelector.java:280)
	at org.springframework.boot.autoconfigure.AutoConfigurationImportSelector.filter(AutoConfigurationImportSelector.java:251)
	at org.springframework.boot.autoconfigure.AutoConfigurationImportSelector.selectImports(AutoConfigurationImportSelector.java:102)
	at org.springframework.context.annotation.ConfigurationClassParser.processDeferredImportSelectors(ConfigurationClassParser.java:453)
	... 14 common frames omitted
Caused by: java.lang.IllegalAccessException: Class org.springframework.core.io.support.SpringFactoriesLoader can not access a member of class org.springframework.boot.autoconfigure.condition.OnClassCondition with modifiers ""
	at sun.reflect.Reflection.ensureMemberAccess(Reflection.java:102)
	at java.lang.Class.newInstance(Class.java:436)
	at org.springframework.core.io.support.SpringFactoriesLoader.instantiateFactory(SpringFactoriesLoader.java:135)
	... 19 common frames omitted
2019-05-15 16:30:52.564 -ERROR 47528 [           main] o.s.boot.SpringApplication               : Application startup failed
org.springframework.beans.factory.BeanDefinitionStoreException: Failed to process import candidates for configuration class [com.book.manager.BookWebApplication]; nested exception is java.lang.IllegalArgumentException: Cannot instantiate factory class: org.springframework.boot.autoconfigure.AutoConfigurationImportFilter
	at org.springframework.context.annotation.ConfigurationClassParser.processDeferredImportSelectors(ConfigurationClassParser.java:461)
	at org.springframework.context.annotation.ConfigurationClassParser.parse(ConfigurationClassParser.java:185)
	at org.springframework.context.annotation.ConfigurationClassPostProcessor.processConfigBeanDefinitions(ConfigurationClassPostProcessor.java:321)
	at org.springframework.context.annotation.ConfigurationClassPostProcessor.postProcessBeanDefinitionRegistry(ConfigurationClassPostProcessor.java:243)
	at org.springframework.context.support.PostProcessorRegistrationDelegate.invokeBeanDefinitionRegistryPostProcessors(PostProcessorRegistrationDelegate.java:273)
	at org.springframework.context.support.PostProcessorRegistrationDelegate.invokeBeanFactoryPostProcessors(PostProcessorRegistrationDelegate.java:98)
	at org.springframework.context.support.AbstractApplicationContext.invokeBeanFactoryPostProcessors(AbstractApplicationContext.java:678)
	at org.springframework.context.support.AbstractApplicationContext.refresh(AbstractApplicationContext.java:520)
	at org.springframework.boot.context.embedded.EmbeddedWebApplicationContext.refresh(EmbeddedWebApplicationContext.java:122)
	at org.springframework.boot.SpringApplication.refresh(SpringApplication.java:737)
	at org.springframework.boot.SpringApplication.refreshContext(SpringApplication.java:370)
	at org.springframework.boot.SpringApplication.run(SpringApplication.java:314)
	at org.springframework.boot.SpringApplication.run(SpringApplication.java:1162)
	at org.springframework.boot.SpringApplication.run(SpringApplication.java:1151)
	at com.book.manager.BookWebApplication.main(BookWebApplication.java:17)
Caused by: java.lang.IllegalArgumentException: Cannot instantiate factory class: org.springframework.boot.autoconfigure.AutoConfigurationImportFilter
	at org.springframework.core.io.support.SpringFactoriesLoader.instantiateFactory(SpringFactoriesLoader.java:138)
	at org.springframework.core.io.support.SpringFactoriesLoader.loadFactories(SpringFactoriesLoader.java:91)
	at org.springframework.boot.autoconfigure.AutoConfigurationImportSelector.getAutoConfigurationImportFilters(AutoConfigurationImportSelector.java:280)
	at org.springframework.boot.autoconfigure.AutoConfigurationImportSelector.filter(AutoConfigurationImportSelector.java:251)
	at org.springframework.boot.autoconfigure.AutoConfigurationImportSelector.selectImports(AutoConfigurationImportSelector.java:102)
	at org.springframework.context.annotation.ConfigurationClassParser.processDeferredImportSelectors(ConfigurationClassParser.java:453)
	... 14 common frames omitted
Caused by: java.lang.IllegalAccessException: Class org.springframework.core.io.support.SpringFactoriesLoader can not access a member of class org.springframework.boot.autoconfigure.condition.OnClassCondition with modifiers ""
	at sun.reflect.Reflection.ensureMemberAccess(Reflection.java:102)
	at java.lang.Class.newInstance(Class.java:436)
	at org.springframework.core.io.support.SpringFactoriesLoader.instantiateFactory(SpringFactoriesLoader.java:135)
	... 19 common frames omitted
2019-05-15 16:44:19.957 -ERROR 54808 [           main] o.s.boot.SpringApplication               : Application startup failed
org.springframework.beans.factory.BeanDefinitionStoreException: Failed to process import candidates for configuration class [com.book.manager.BookWebApplication]; nested exception is java.lang.IllegalArgumentException: Cannot instantiate factory class: org.springframework.boot.autoconfigure.AutoConfigurationImportFilter
	at org.springframework.context.annotation.ConfigurationClassParser.processDeferredImportSelectors(ConfigurationClassParser.java:461)
	at org.springframework.context.annotation.ConfigurationClassParser.parse(ConfigurationClassParser.java:185)
	at org.springframework.context.annotation.ConfigurationClassPostProcessor.processConfigBeanDefinitions(ConfigurationClassPostProcessor.java:321)
	at org.springframework.context.annotation.ConfigurationClassPostProcessor.postProcessBeanDefinitionRegistry(ConfigurationClassPostProcessor.java:243)
	at org.springframework.context.support.PostProcessorRegistrationDelegate.invokeBeanDefinitionRegistryPostProcessors(PostProcessorRegistrationDelegate.java:273)
	at org.springframework.context.support.PostProcessorRegistrationDelegate.invokeBeanFactoryPostProcessors(PostProcessorRegistrationDelegate.java:98)
	at org.springframework.context.support.AbstractApplicationContext.invokeBeanFactoryPostProcessors(AbstractApplicationContext.java:678)
	at org.springframework.context.support.AbstractApplicationContext.refresh(AbstractApplicationContext.java:520)
	at org.springframework.boot.context.embedded.EmbeddedWebApplicationContext.refresh(EmbeddedWebApplicationContext.java:122)
	at org.springframework.boot.SpringApplication.refresh(SpringApplication.java:693)
	at org.springframework.boot.SpringApplication.refreshContext(SpringApplication.java:360)
	at org.springframework.boot.SpringApplication.run(SpringApplication.java:303)
	at org.springframework.boot.SpringApplication.run(SpringApplication.java:1118)
	at org.springframework.boot.SpringApplication.run(SpringApplication.java:1107)
	at com.book.manager.BookWebApplication.main(BookWebApplication.java:17)
Caused by: java.lang.IllegalArgumentException: Cannot instantiate factory class: org.springframework.boot.autoconfigure.AutoConfigurationImportFilter
	at org.springframework.core.io.support.SpringFactoriesLoader.instantiateFactory(SpringFactoriesLoader.java:138)
	at org.springframework.core.io.support.SpringFactoriesLoader.loadFactories(SpringFactoriesLoader.java:91)
	at org.springframework.boot.autoconfigure.AutoConfigurationImportSelector.getAutoConfigurationImportFilters(AutoConfigurationImportSelector.java:280)
	at org.springframework.boot.autoconfigure.AutoConfigurationImportSelector.filter(AutoConfigurationImportSelector.java:251)
	at org.springframework.boot.autoconfigure.AutoConfigurationImportSelector.selectImports(AutoConfigurationImportSelector.java:102)
	at org.springframework.context.annotation.ConfigurationClassParser.processDeferredImportSelectors(ConfigurationClassParser.java:453)
	... 14 common frames omitted
Caused by: java.lang.IllegalAccessException: Class org.springframework.core.io.support.SpringFactoriesLoader can not access a member of class org.springframework.boot.autoconfigure.condition.OnClassCondition with modifiers ""
	at sun.reflect.Reflection.ensureMemberAccess(Reflection.java:102)
	at java.lang.Class.newInstance(Class.java:436)
	at org.springframework.core.io.support.SpringFactoriesLoader.instantiateFactory(SpringFactoriesLoader.java:135)
	... 19 common frames omitted
2019-05-15 16:52:50.564 -ERROR 22172 [           main] o.s.boot.SpringApplication               : Application startup failed
org.springframework.beans.factory.BeanDefinitionStoreException: Failed to process import candidates for configuration class [com.book.manager.BookWebApplication]; nested exception is java.lang.IllegalArgumentException: Cannot instantiate factory class: org.springframework.boot.autoconfigure.AutoConfigurationImportFilter
	at org.springframework.context.annotation.ConfigurationClassParser.processDeferredImportSelectors(ConfigurationClassParser.java:461)
	at org.springframework.context.annotation.ConfigurationClassParser.parse(ConfigurationClassParser.java:185)
	at org.springframework.context.annotation.ConfigurationClassPostProcessor.processConfigBeanDefinitions(ConfigurationClassPostProcessor.java:321)
	at org.springframework.context.annotation.ConfigurationClassPostProcessor.postProcessBeanDefinitionRegistry(ConfigurationClassPostProcessor.java:243)
	at org.springframework.context.support.PostProcessorRegistrationDelegate.invokeBeanDefinitionRegistryPostProcessors(PostProcessorRegistrationDelegate.java:273)
	at org.springframework.context.support.PostProcessorRegistrationDelegate.invokeBeanFactoryPostProcessors(PostProcessorRegistrationDelegate.java:98)
	at org.springframework.context.support.AbstractApplicationContext.invokeBeanFactoryPostProcessors(AbstractApplicationContext.java:678)
	at org.springframework.context.support.AbstractApplicationContext.refresh(AbstractApplicationContext.java:520)
	at org.springframework.boot.context.embedded.EmbeddedWebApplicationContext.refresh(EmbeddedWebApplicationContext.java:122)
	at org.springframework.boot.SpringApplication.refresh(SpringApplication.java:693)
	at org.springframework.boot.SpringApplication.refreshContext(SpringApplication.java:360)
	at org.springframework.boot.SpringApplication.run(SpringApplication.java:303)
	at org.springframework.boot.SpringApplication.run(SpringApplication.java:1118)
	at org.springframework.boot.SpringApplication.run(SpringApplication.java:1107)
	at com.book.manager.BookWebApplication.main(BookWebApplication.java:17)
Caused by: java.lang.IllegalArgumentException: Cannot instantiate factory class: org.springframework.boot.autoconfigure.AutoConfigurationImportFilter
	at org.springframework.core.io.support.SpringFactoriesLoader.instantiateFactory(SpringFactoriesLoader.java:138)
	at org.springframework.core.io.support.SpringFactoriesLoader.loadFactories(SpringFactoriesLoader.java:91)
	at org.springframework.boot.autoconfigure.AutoConfigurationImportSelector.getAutoConfigurationImportFilters(AutoConfigurationImportSelector.java:280)
	at org.springframework.boot.autoconfigure.AutoConfigurationImportSelector.filter(AutoConfigurationImportSelector.java:251)
	at org.springframework.boot.autoconfigure.AutoConfigurationImportSelector.selectImports(AutoConfigurationImportSelector.java:102)
	at org.springframework.context.annotation.ConfigurationClassParser.processDeferredImportSelectors(ConfigurationClassParser.java:453)
	... 14 common frames omitted
Caused by: java.lang.IllegalAccessException: Class org.springframework.core.io.support.SpringFactoriesLoader can not access a member of class org.springframework.boot.autoconfigure.condition.OnClassCondition with modifiers ""
	at sun.reflect.Reflection.ensureMemberAccess(Reflection.java:102)
	at java.lang.Class.newInstance(Class.java:436)
	at org.springframework.core.io.support.SpringFactoriesLoader.instantiateFactory(SpringFactoriesLoader.java:135)
	... 19 common frames omitted
2019-05-15 17:02:39.746 -ERROR 38388 [           main] o.s.boot.SpringApplication               : Application startup failed
org.springframework.beans.factory.BeanDefinitionStoreException: Failed to process import candidates for configuration class [com.book.manager.BookWebApplication]; nested exception is java.lang.IllegalArgumentException: Cannot instantiate factory class: org.springframework.boot.autoconfigure.AutoConfigurationImportFilter
	at org.springframework.context.annotation.ConfigurationClassParser.processDeferredImportSelectors(ConfigurationClassParser.java:461)
	at org.springframework.context.annotation.ConfigurationClassParser.parse(ConfigurationClassParser.java:185)
	at org.springframework.context.annotation.ConfigurationClassPostProcessor.processConfigBeanDefinitions(ConfigurationClassPostProcessor.java:321)
	at org.springframework.context.annotation.ConfigurationClassPostProcessor.postProcessBeanDefinitionRegistry(ConfigurationClassPostProcessor.java:243)
	at org.springframework.context.support.PostProcessorRegistrationDelegate.invokeBeanDefinitionRegistryPostProcessors(PostProcessorRegistrationDelegate.java:273)
	at org.springframework.context.support.PostProcessorRegistrationDelegate.invokeBeanFactoryPostProcessors(PostProcessorRegistrationDelegate.java:98)
	at org.springframework.context.support.AbstractApplicationContext.invokeBeanFactoryPostProcessors(AbstractApplicationContext.java:678)
	at org.springframework.context.support.AbstractApplicationContext.refresh(AbstractApplicationContext.java:520)
	at org.springframework.boot.context.embedded.EmbeddedWebApplicationContext.refresh(EmbeddedWebApplicationContext.java:122)
	at org.springframework.boot.SpringApplication.refresh(SpringApplication.java:693)
	at org.springframework.boot.SpringApplication.refreshContext(SpringApplication.java:360)
	at org.springframework.boot.SpringApplication.run(SpringApplication.java:303)
	at org.springframework.boot.SpringApplication.run(SpringApplication.java:1118)
	at org.springframework.boot.SpringApplication.run(SpringApplication.java:1107)
	at com.book.manager.BookWebApplication.main(BookWebApplication.java:17)
Caused by: java.lang.IllegalArgumentException: Cannot instantiate factory class: org.springframework.boot.autoconfigure.AutoConfigurationImportFilter
	at org.springframework.core.io.support.SpringFactoriesLoader.instantiateFactory(SpringFactoriesLoader.java:138)
	at org.springframework.core.io.support.SpringFactoriesLoader.loadFactories(SpringFactoriesLoader.java:91)
	at org.springframework.boot.autoconfigure.AutoConfigurationImportSelector.getAutoConfigurationImportFilters(AutoConfigurationImportSelector.java:280)
	at org.springframework.boot.autoconfigure.AutoConfigurationImportSelector.filter(AutoConfigurationImportSelector.java:251)
	at org.springframework.boot.autoconfigure.AutoConfigurationImportSelector.selectImports(AutoConfigurationImportSelector.java:102)
	at org.springframework.context.annotation.ConfigurationClassParser.processDeferredImportSelectors(ConfigurationClassParser.java:453)
	... 14 common frames omitted
Caused by: java.lang.IllegalAccessException: Class org.springframework.core.io.support.SpringFactoriesLoader can not access a member of class org.springframework.boot.autoconfigure.condition.OnClassCondition with modifiers ""
	at sun.reflect.Reflection.ensureMemberAccess(Reflection.java:102)
	at java.lang.Class.newInstance(Class.java:436)
	at org.springframework.core.io.support.SpringFactoriesLoader.instantiateFactory(SpringFactoriesLoader.java:135)
	... 19 common frames omitted
2019-05-15 17:04:50.907 -ERROR 42256 [           main] o.s.boot.SpringApplication               : Application startup failed
org.springframework.beans.factory.BeanDefinitionStoreException: Failed to process import candidates for configuration class [com.book.manager.BookWebApplication]; nested exception is java.lang.IllegalArgumentException: Cannot instantiate factory class: org.springframework.boot.autoconfigure.AutoConfigurationImportFilter
	at org.springframework.context.annotation.ConfigurationClassParser.processDeferredImportSelectors(ConfigurationClassParser.java:461)
	at org.springframework.context.annotation.ConfigurationClassParser.parse(ConfigurationClassParser.java:185)
	at org.springframework.context.annotation.ConfigurationClassPostProcessor.processConfigBeanDefinitions(ConfigurationClassPostProcessor.java:321)
	at org.springframework.context.annotation.ConfigurationClassPostProcessor.postProcessBeanDefinitionRegistry(ConfigurationClassPostProcessor.java:243)
	at org.springframework.context.support.PostProcessorRegistrationDelegate.invokeBeanDefinitionRegistryPostProcessors(PostProcessorRegistrationDelegate.java:273)
	at org.springframework.context.support.PostProcessorRegistrationDelegate.invokeBeanFactoryPostProcessors(PostProcessorRegistrationDelegate.java:98)
	at org.springframework.context.support.AbstractApplicationContext.invokeBeanFactoryPostProcessors(AbstractApplicationContext.java:678)
	at org.springframework.context.support.AbstractApplicationContext.refresh(AbstractApplicationContext.java:520)
	at org.springframework.boot.context.embedded.EmbeddedWebApplicationContext.refresh(EmbeddedWebApplicationContext.java:122)
	at org.springframework.boot.SpringApplication.refresh(SpringApplication.java:693)
	at org.springframework.boot.SpringApplication.refreshContext(SpringApplication.java:360)
	at org.springframework.boot.SpringApplication.run(SpringApplication.java:303)
	at org.springframework.boot.SpringApplication.run(SpringApplication.java:1118)
	at org.springframework.boot.SpringApplication.run(SpringApplication.java:1107)
	at com.book.manager.BookWebApplication.main(BookWebApplication.java:17)
Caused by: java.lang.IllegalArgumentException: Cannot instantiate factory class: org.springframework.boot.autoconfigure.AutoConfigurationImportFilter
	at org.springframework.core.io.support.SpringFactoriesLoader.instantiateFactory(SpringFactoriesLoader.java:138)
	at org.springframework.core.io.support.SpringFactoriesLoader.loadFactories(SpringFactoriesLoader.java:91)
	at org.springframework.boot.autoconfigure.AutoConfigurationImportSelector.getAutoConfigurationImportFilters(AutoConfigurationImportSelector.java:280)
	at org.springframework.boot.autoconfigure.AutoConfigurationImportSelector.filter(AutoConfigurationImportSelector.java:251)
	at org.springframework.boot.autoconfigure.AutoConfigurationImportSelector.selectImports(AutoConfigurationImportSelector.java:102)
	at org.springframework.context.annotation.ConfigurationClassParser.processDeferredImportSelectors(ConfigurationClassParser.java:453)
	... 14 common frames omitted
Caused by: java.lang.IllegalAccessException: Class org.springframework.core.io.support.SpringFactoriesLoader can not access a member of class org.springframework.boot.autoconfigure.condition.OnClassCondition with modifiers ""
	at sun.reflect.Reflection.ensureMemberAccess(Reflection.java:102)
	at java.lang.Class.newInstance(Class.java:436)
	at org.springframework.core.io.support.SpringFactoriesLoader.instantiateFactory(SpringFactoriesLoader.java:135)
	... 19 common frames omitted
2019-05-15 17:06:25.119 -ERROR 39736 [           main] o.s.boot.SpringApplication               : Application startup failed
org.springframework.beans.factory.BeanDefinitionStoreException: Failed to process import candidates for configuration class [com.book.manager.BookWebApplication]; nested exception is java.lang.IllegalArgumentException: Cannot instantiate factory class: org.springframework.boot.autoconfigure.AutoConfigurationImportFilter
	at org.springframework.context.annotation.ConfigurationClassParser.processDeferredImportSelectors(ConfigurationClassParser.java:461)
	at org.springframework.context.annotation.ConfigurationClassParser.parse(ConfigurationClassParser.java:185)
	at org.springframework.context.annotation.ConfigurationClassPostProcessor.processConfigBeanDefinitions(ConfigurationClassPostProcessor.java:321)
	at org.springframework.context.annotation.ConfigurationClassPostProcessor.postProcessBeanDefinitionRegistry(ConfigurationClassPostProcessor.java:243)
	at org.springframework.context.support.PostProcessorRegistrationDelegate.invokeBeanDefinitionRegistryPostProcessors(PostProcessorRegistrationDelegate.java:273)
	at org.springframework.context.support.PostProcessorRegistrationDelegate.invokeBeanFactoryPostProcessors(PostProcessorRegistrationDelegate.java:98)
	at org.springframework.context.support.AbstractApplicationContext.invokeBeanFactoryPostProcessors(AbstractApplicationContext.java:678)
	at org.springframework.context.support.AbstractApplicationContext.refresh(AbstractApplicationContext.java:520)
	at org.springframework.boot.context.embedded.EmbeddedWebApplicationContext.refresh(EmbeddedWebApplicationContext.java:122)
	at org.springframework.boot.SpringApplication.refresh(SpringApplication.java:693)
	at org.springframework.boot.SpringApplication.refreshContext(SpringApplication.java:360)
	at org.springframework.boot.SpringApplication.run(SpringApplication.java:303)
	at org.springframework.boot.SpringApplication.run(SpringApplication.java:1118)
	at org.springframework.boot.SpringApplication.run(SpringApplication.java:1107)
	at com.book.manager.BookWebApplication.main(BookWebApplication.java:17)
Caused by: java.lang.IllegalArgumentException: Cannot instantiate factory class: org.springframework.boot.autoconfigure.AutoConfigurationImportFilter
	at org.springframework.core.io.support.SpringFactoriesLoader.instantiateFactory(SpringFactoriesLoader.java:138)
	at org.springframework.core.io.support.SpringFactoriesLoader.loadFactories(SpringFactoriesLoader.java:91)
	at org.springframework.boot.autoconfigure.AutoConfigurationImportSelector.getAutoConfigurationImportFilters(AutoConfigurationImportSelector.java:280)
	at org.springframework.boot.autoconfigure.AutoConfigurationImportSelector.filter(AutoConfigurationImportSelector.java:251)
	at org.springframework.boot.autoconfigure.AutoConfigurationImportSelector.selectImports(AutoConfigurationImportSelector.java:102)
	at org.springframework.context.annotation.ConfigurationClassParser.processDeferredImportSelectors(ConfigurationClassParser.java:453)
	... 14 common frames omitted
Caused by: java.lang.IllegalAccessException: Class org.springframework.core.io.support.SpringFactoriesLoader can not access a member of class org.springframework.boot.autoconfigure.condition.OnClassCondition with modifiers ""
	at sun.reflect.Reflection.ensureMemberAccess(Reflection.java:102)
	at java.lang.Class.newInstance(Class.java:436)
	at org.springframework.core.io.support.SpringFactoriesLoader.instantiateFactory(SpringFactoriesLoader.java:135)
	... 19 common frames omitted
2019-05-15 17:51:02.537 -ERROR 12488 [           main] o.s.boot.SpringApplication               : Application startup failed
org.springframework.beans.factory.BeanDefinitionStoreException: Failed to process import candidates for configuration class [com.book.manager.BookWebApplication]; nested exception is java.lang.IllegalArgumentException: Cannot instantiate factory class: org.springframework.boot.autoconfigure.AutoConfigurationImportFilter
	at org.springframework.context.annotation.ConfigurationClassParser.processDeferredImportSelectors(ConfigurationClassParser.java:461)
	at org.springframework.context.annotation.ConfigurationClassParser.parse(ConfigurationClassParser.java:185)
	at org.springframework.context.annotation.ConfigurationClassPostProcessor.processConfigBeanDefinitions(ConfigurationClassPostProcessor.java:321)
	at org.springframework.context.annotation.ConfigurationClassPostProcessor.postProcessBeanDefinitionRegistry(ConfigurationClassPostProcessor.java:243)
	at org.springframework.context.support.PostProcessorRegistrationDelegate.invokeBeanDefinitionRegistryPostProcessors(PostProcessorRegistrationDelegate.java:273)
	at org.springframework.context.support.PostProcessorRegistrationDelegate.invokeBeanFactoryPostProcessors(PostProcessorRegistrationDelegate.java:98)
	at org.springframework.context.support.AbstractApplicationContext.invokeBeanFactoryPostProcessors(AbstractApplicationContext.java:678)
	at org.springframework.context.support.AbstractApplicationContext.refresh(AbstractApplicationContext.java:520)
	at org.springframework.boot.context.embedded.EmbeddedWebApplicationContext.refresh(EmbeddedWebApplicationContext.java:122)
	at org.springframework.boot.SpringApplication.refresh(SpringApplication.java:693)
	at org.springframework.boot.SpringApplication.refreshContext(SpringApplication.java:360)
	at org.springframework.boot.SpringApplication.run(SpringApplication.java:303)
	at org.springframework.boot.SpringApplication.run(SpringApplication.java:1118)
	at org.springframework.boot.SpringApplication.run(SpringApplication.java:1107)
	at com.book.manager.BookWebApplication.main(BookWebApplication.java:17)
Caused by: java.lang.IllegalArgumentException: Cannot instantiate factory class: org.springframework.boot.autoconfigure.AutoConfigurationImportFilter
	at org.springframework.core.io.support.SpringFactoriesLoader.instantiateFactory(SpringFactoriesLoader.java:138)
	at org.springframework.core.io.support.SpringFactoriesLoader.loadFactories(SpringFactoriesLoader.java:91)
	at org.springframework.boot.autoconfigure.AutoConfigurationImportSelector.getAutoConfigurationImportFilters(AutoConfigurationImportSelector.java:280)
	at org.springframework.boot.autoconfigure.AutoConfigurationImportSelector.filter(AutoConfigurationImportSelector.java:251)
	at org.springframework.boot.autoconfigure.AutoConfigurationImportSelector.selectImports(AutoConfigurationImportSelector.java:102)
	at org.springframework.context.annotation.ConfigurationClassParser.processDeferredImportSelectors(ConfigurationClassParser.java:453)
	... 14 common frames omitted
Caused by: java.lang.IllegalAccessException: Class org.springframework.core.io.support.SpringFactoriesLoader can not access a member of class org.springframework.boot.autoconfigure.condition.OnClassCondition with modifiers ""
	at sun.reflect.Reflection.ensureMemberAccess(Reflection.java:102)
	at java.lang.Class.newInstance(Class.java:436)
	at org.springframework.core.io.support.SpringFactoriesLoader.instantiateFactory(SpringFactoriesLoader.java:135)
	... 19 common frames omitted
